Copyright 1986-2019 Xilinx, Inc. All Rights Reserved.
-----------------------------------------------------------------------------------------------------------------------------------------------
| Tool Version : Vivado v.2019.1 (win64) Build 2552052 Fri May 24 14:49:42 MDT 2019
| Date         : Fri Dec 13 22:28:32 2019
| Host         : DESKTOP-T1S8RDD running 64-bit major release  (build 9200)
| Command      : report_methodology -file top_methodology_drc_routed.rpt -pb top_methodology_drc_routed.pb -rpx top_methodology_drc_routed.rpx
| Design       : top
| Device       : xc7a100tcsg324-1
| Speed File   : -1
| Design State : Fully Routed
-----------------------------------------------------------------------------------------------------------------------------------------------

Report Methodology

Table of Contents
-----------------
1. REPORT SUMMARY
2. REPORT DETAILS

1. REPORT SUMMARY
-----------------
            Netlist: netlist
          Floorplan: design_1
      Design limits: <entire design considered>
             Max violations: <unlimited>
             Violations found: 268
+-----------+----------+------------------------------------------+------------+
| Rule      | Severity | Description                              | Violations |
+-----------+----------+------------------------------------------+------------+
| SYNTH-10  | Warning  | Wide multiplier                          | 54         |
| SYNTH-11  | Warning  | DSP output not registered                | 6          |
| SYNTH-12  | Warning  | DSP input not registered                 | 1          |
| SYNTH-14  | Warning  | DSP cannot absorb non-zero init register | 13         |
| TIMING-16 | Warning  | Large setup violation                    | 153        |
| TIMING-18 | Warning  | Missing input or output delay            | 41         |
+-----------+----------+------------------------------------------+------------+

2. REPORT DETAILS
-----------------
SYNTH-10#1 Warning
Wide multiplier  
Detected multiplier at dropControl/failHole1/conflict2 of size 16x18, it is decomposed from a wide multipler into 4 DSP blocks.
Related violations: <none>

SYNTH-10#2 Warning
Wide multiplier  
Detected multiplier at dropControl/failHole1/conflict2__0 of size 18x18, it is decomposed from a wide multipler into 4 DSP blocks.
Related violations: <none>

SYNTH-10#3 Warning
Wide multiplier  
Detected multiplier at dropControl/failHole1/conflict2__1 of size 18x16, it is decomposed from a wide multipler into 4 DSP blocks.
Related violations: <none>

SYNTH-10#4 Warning
Wide multiplier  
Detected multiplier at dropControl/failHole1/conflict2__2 of size 16x18, it is decomposed from a wide multipler into 4 DSP blocks.
Related violations: <none>

SYNTH-10#5 Warning
Wide multiplier  
Detected multiplier at dropControl/failHole1/conflict2__3 of size 18x18, it is decomposed from a wide multipler into 4 DSP blocks.
Related violations: <none>

SYNTH-10#6 Warning
Wide multiplier  
Detected multiplier at dropControl/failHole1/conflict2__4 of size 18x16, it is decomposed from a wide multipler into 4 DSP blocks.
Related violations: <none>

SYNTH-10#7 Warning
Wide multiplier  
Detected multiplier at dropControl/failHole2/conflict2 of size 16x18, it is decomposed from a wide multipler into 4 DSP blocks.
Related violations: <none>

SYNTH-10#8 Warning
Wide multiplier  
Detected multiplier at dropControl/failHole2/conflict2__0 of size 18x18, it is decomposed from a wide multipler into 4 DSP blocks.
Related violations: <none>

SYNTH-10#9 Warning
Wide multiplier  
Detected multiplier at dropControl/failHole2/conflict2__1 of size 18x16, it is decomposed from a wide multipler into 4 DSP blocks.
Related violations: <none>

SYNTH-10#10 Warning
Wide multiplier  
Detected multiplier at dropControl/failHole2/conflict2__2 of size 16x18, it is decomposed from a wide multipler into 4 DSP blocks.
Related violations: <none>

SYNTH-10#11 Warning
Wide multiplier  
Detected multiplier at dropControl/failHole2/conflict2__3 of size 18x18, it is decomposed from a wide multipler into 4 DSP blocks.
Related violations: <none>

SYNTH-10#12 Warning
Wide multiplier  
Detected multiplier at dropControl/failHole2/conflict2__4 of size 18x16, it is decomposed from a wide multipler into 4 DSP blocks.
Related violations: <none>

SYNTH-10#13 Warning
Wide multiplier  
Detected multiplier at dropControl/failHole3/conflict2 of size 16x18, it is decomposed from a wide multipler into 4 DSP blocks.
Related violations: <none>

SYNTH-10#14 Warning
Wide multiplier  
Detected multiplier at dropControl/failHole3/conflict2__0 of size 18x18, it is decomposed from a wide multipler into 4 DSP blocks.
Related violations: <none>

SYNTH-10#15 Warning
Wide multiplier  
Detected multiplier at dropControl/failHole3/conflict2__1 of size 18x16, it is decomposed from a wide multipler into 4 DSP blocks.
Related violations: <none>

SYNTH-10#16 Warning
Wide multiplier  
Detected multiplier at dropControl/failHole3/conflict2__2 of size 16x18, it is decomposed from a wide multipler into 4 DSP blocks.
Related violations: <none>

SYNTH-10#17 Warning
Wide multiplier  
Detected multiplier at dropControl/failHole3/conflict2__3 of size 18x18, it is decomposed from a wide multipler into 4 DSP blocks.
Related violations: <none>

SYNTH-10#18 Warning
Wide multiplier  
Detected multiplier at dropControl/failHole3/conflict2__4 of size 18x16, it is decomposed from a wide multipler into 4 DSP blocks.
Related violations: <none>

SYNTH-10#19 Warning
Wide multiplier  
Detected multiplier at dropControl/failHole4/conflict2 of size 16x18, it is decomposed from a wide multipler into 4 DSP blocks.
Related violations: <none>

SYNTH-10#20 Warning
Wide multiplier  
Detected multiplier at dropControl/failHole4/conflict2__0 of size 18x18, it is decomposed from a wide multipler into 4 DSP blocks.
Related violations: <none>

SYNTH-10#21 Warning
Wide multiplier  
Detected multiplier at dropControl/failHole4/conflict2__1 of size 18x16, it is decomposed from a wide multipler into 4 DSP blocks.
Related violations: <none>

SYNTH-10#22 Warning
Wide multiplier  
Detected multiplier at dropControl/failHole4/conflict2__2 of size 16x18, it is decomposed from a wide multipler into 4 DSP blocks.
Related violations: <none>

SYNTH-10#23 Warning
Wide multiplier  
Detected multiplier at dropControl/failHole4/conflict2__3 of size 18x18, it is decomposed from a wide multipler into 4 DSP blocks.
Related violations: <none>

SYNTH-10#24 Warning
Wide multiplier  
Detected multiplier at dropControl/failHole4/conflict2__4 of size 18x16, it is decomposed from a wide multipler into 4 DSP blocks.
Related violations: <none>

SYNTH-10#25 Warning
Wide multiplier  
Detected multiplier at dropControl/failHole5/conflict2 of size 16x18, it is decomposed from a wide multipler into 4 DSP blocks.
Related violations: <none>

SYNTH-10#26 Warning
Wide multiplier  
Detected multiplier at dropControl/failHole5/conflict2__0 of size 18x18, it is decomposed from a wide multipler into 4 DSP blocks.
Related violations: <none>

SYNTH-10#27 Warning
Wide multiplier  
Detected multiplier at dropControl/failHole5/conflict2__1 of size 18x16, it is decomposed from a wide multipler into 4 DSP blocks.
Related violations: <none>

SYNTH-10#28 Warning
Wide multiplier  
Detected multiplier at dropControl/failHole5/conflict2__2 of size 16x18, it is decomposed from a wide multipler into 4 DSP blocks.
Related violations: <none>

SYNTH-10#29 Warning
Wide multiplier  
Detected multiplier at dropControl/failHole5/conflict2__3 of size 18x18, it is decomposed from a wide multipler into 4 DSP blocks.
Related violations: <none>

SYNTH-10#30 Warning
Wide multiplier  
Detected multiplier at dropControl/failHole5/conflict2__4 of size 18x16, it is decomposed from a wide multipler into 4 DSP blocks.
Related violations: <none>

SYNTH-10#31 Warning
Wide multiplier  
Detected multiplier at dropControl/failHole6/conflict2 of size 16x18, it is decomposed from a wide multipler into 4 DSP blocks.
Related violations: <none>

SYNTH-10#32 Warning
Wide multiplier  
Detected multiplier at dropControl/failHole6/conflict2__0 of size 18x18, it is decomposed from a wide multipler into 4 DSP blocks.
Related violations: <none>

SYNTH-10#33 Warning
Wide multiplier  
Detected multiplier at dropControl/failHole6/conflict2__1 of size 18x16, it is decomposed from a wide multipler into 4 DSP blocks.
Related violations: <none>

SYNTH-10#34 Warning
Wide multiplier  
Detected multiplier at dropControl/failHole6/conflict2__2 of size 16x18, it is decomposed from a wide multipler into 4 DSP blocks.
Related violations: <none>

SYNTH-10#35 Warning
Wide multiplier  
Detected multiplier at dropControl/failHole6/conflict2__3 of size 18x18, it is decomposed from a wide multipler into 4 DSP blocks.
Related violations: <none>

SYNTH-10#36 Warning
Wide multiplier  
Detected multiplier at dropControl/failHole6/conflict2__4 of size 18x16, it is decomposed from a wide multipler into 4 DSP blocks.
Related violations: <none>

SYNTH-10#37 Warning
Wide multiplier  
Detected multiplier at dropControl/failHole7/conflict2 of size 16x18, it is decomposed from a wide multipler into 4 DSP blocks.
Related violations: <none>

SYNTH-10#38 Warning
Wide multiplier  
Detected multiplier at dropControl/failHole7/conflict2__0 of size 18x18, it is decomposed from a wide multipler into 4 DSP blocks.
Related violations: <none>

SYNTH-10#39 Warning
Wide multiplier  
Detected multiplier at dropControl/failHole7/conflict2__1 of size 18x16, it is decomposed from a wide multipler into 4 DSP blocks.
Related violations: <none>

SYNTH-10#40 Warning
Wide multiplier  
Detected multiplier at dropControl/failHole7/conflict2__2 of size 16x18, it is decomposed from a wide multipler into 4 DSP blocks.
Related violations: <none>

SYNTH-10#41 Warning
Wide multiplier  
Detected multiplier at dropControl/failHole7/conflict2__3 of size 18x18, it is decomposed from a wide multipler into 4 DSP blocks.
Related violations: <none>

SYNTH-10#42 Warning
Wide multiplier  
Detected multiplier at dropControl/failHole7/conflict2__4 of size 18x16, it is decomposed from a wide multipler into 4 DSP blocks.
Related violations: <none>

SYNTH-10#43 Warning
Wide multiplier  
Detected multiplier at dropControl/winHole/conflict2 of size 16x18, it is decomposed from a wide multipler into 4 DSP blocks.
Related violations: <none>

SYNTH-10#44 Warning
Wide multiplier  
Detected multiplier at dropControl/winHole/conflict2__0 of size 18x18, it is decomposed from a wide multipler into 4 DSP blocks.
Related violations: <none>

SYNTH-10#45 Warning
Wide multiplier  
Detected multiplier at dropControl/winHole/conflict2__1 of size 18x16, it is decomposed from a wide multipler into 4 DSP blocks.
Related violations: <none>

SYNTH-10#46 Warning
Wide multiplier  
Detected multiplier at dropControl/winHole/conflict2__2 of size 16x18, it is decomposed from a wide multipler into 4 DSP blocks.
Related violations: <none>

SYNTH-10#47 Warning
Wide multiplier  
Detected multiplier at dropControl/winHole/conflict2__3 of size 18x18, it is decomposed from a wide multipler into 4 DSP blocks.
Related violations: <none>

SYNTH-10#48 Warning
Wide multiplier  
Detected multiplier at dropControl/winHole/conflict2__4 of size 18x16, it is decomposed from a wide multipler into 4 DSP blocks.
Related violations: <none>

SYNTH-10#49 Warning
Wide multiplier  
Detected multiplier at getAllPos/genDecide/conflict2 of size 16x18, it is decomposed from a wide multipler into 4 DSP blocks.
Related violations: <none>

SYNTH-10#50 Warning
Wide multiplier  
Detected multiplier at getAllPos/genDecide/conflict2__0 of size 18x18, it is decomposed from a wide multipler into 4 DSP blocks.
Related violations: <none>

SYNTH-10#51 Warning
Wide multiplier  
Detected multiplier at getAllPos/genDecide/conflict2__1 of size 18x16, it is decomposed from a wide multipler into 4 DSP blocks.
Related violations: <none>

SYNTH-10#52 Warning
Wide multiplier  
Detected multiplier at getAllPos/genDecide/conflict2__2 of size 16x18, it is decomposed from a wide multipler into 4 DSP blocks.
Related violations: <none>

SYNTH-10#53 Warning
Wide multiplier  
Detected multiplier at getAllPos/genDecide/conflict2__3 of size 18x18, it is decomposed from a wide multipler into 4 DSP blocks.
Related violations: <none>

SYNTH-10#54 Warning
Wide multiplier  
Detected multiplier at getAllPos/genDecide/conflict2__4 of size 18x16, it is decomposed from a wide multipler into 4 DSP blocks.
Related violations: <none>

SYNTH-11#1 Warning
DSP output not registered  
DSP instance drawScreen/drawLayers/drawBall/address_fb12 is not fully pipelined on the output side. MREG/PREG are not used.
Related violations: <none>

SYNTH-11#2 Warning
DSP output not registered  
DSP instance drawScreen/drawLayers/drawFailhole/address_fb12 is not fully pipelined on the output side. MREG/PREG are not used.
Related violations: <none>

SYNTH-11#3 Warning
DSP output not registered  
DSP instance drawScreen/drawLayers/drawHeading1/address_fb12 is not fully pipelined on the output side. MREG/PREG are not used.
Related violations: <none>

SYNTH-11#4 Warning
DSP output not registered  
DSP instance drawScreen/drawLayers/drawOption/address_fb12 is not fully pipelined on the output side. MREG/PREG are not used.
Related violations: <none>

SYNTH-11#5 Warning
DSP output not registered  
DSP instance drawScreen/drawLayers/drawSelect/address_fb12 is not fully pipelined on the output side. MREG/PREG are not used.
Related violations: <none>

SYNTH-11#6 Warning
DSP output not registered  
DSP instance drawScreen/drawLayers/drawWinhole/address_fb12 is not fully pipelined on the output side. MREG/PREG are not used.
Related violations: <none>

SYNTH-12#1 Warning
DSP input not registered  
DSP instance getAllPos/y_deciding_reg is not fully pipelined on the input side. AREG/BREG/CREG/DREG are not used.
Related violations: <none>

SYNTH-14#1 Warning
DSP cannot absorb non-zero init register  
Register getAllPos/randomX/rand_value_reg[0] cannot be absorbed into DSP block due to its non-zero INIT value.
Related violations: <none>

SYNTH-14#2 Warning
DSP cannot absorb non-zero init register  
Register getAllPos/randomX/rand_value_reg[13] cannot be absorbed into DSP block due to its non-zero INIT value.
Related violations: <none>

SYNTH-14#3 Warning
DSP cannot absorb non-zero init register  
Register getAllPos/randomX/rand_value_reg[3] cannot be absorbed into DSP block due to its non-zero INIT value.
Related violations: <none>

SYNTH-14#4 Warning
DSP cannot absorb non-zero init register  
Register getAllPos/randomX/rand_value_reg[4] cannot be absorbed into DSP block due to its non-zero INIT value.
Related violations: <none>

SYNTH-14#5 Warning
DSP cannot absorb non-zero init register  
Register getAllPos/randomY/rand_value_reg[11] cannot be absorbed into DSP block due to its non-zero INIT value.
Related violations: <none>

SYNTH-14#6 Warning
DSP cannot absorb non-zero init register  
Register getAllPos/randomY/rand_value_reg[12] cannot be absorbed into DSP block due to its non-zero INIT value.
Related violations: <none>

SYNTH-14#7 Warning
DSP cannot absorb non-zero init register  
Register getAllPos/randomY/rand_value_reg[1] cannot be absorbed into DSP block due to its non-zero INIT value.
Related violations: <none>

SYNTH-14#8 Warning
DSP cannot absorb non-zero init register  
Register getAllPos/randomY/rand_value_reg[2] cannot be absorbed into DSP block due to its non-zero INIT value.
Related violations: <none>

SYNTH-14#9 Warning
DSP cannot absorb non-zero init register  
Register getAllPos/randomY/rand_value_reg[5] cannot be absorbed into DSP block due to its non-zero INIT value.
Related violations: <none>

SYNTH-14#10 Warning
DSP cannot absorb non-zero init register  
Register getAllPos/randomY/rand_value_reg[8] cannot be absorbed into DSP block due to its non-zero INIT value.
Related violations: <none>

SYNTH-14#11 Warning
DSP cannot absorb non-zero init register  
Register wh_pos_y_reg[2] cannot be absorbed into DSP block due to its non-zero INIT value.
Related violations: <none>

SYNTH-14#12 Warning
DSP cannot absorb non-zero init register  
Register wh_pos_y_reg[5] cannot be absorbed into DSP block due to its non-zero INIT value.
Related violations: <none>

SYNTH-14#13 Warning
DSP cannot absorb non-zero init register  
Register wh_pos_y_reg[6] cannot be absorbed into DSP block due to its non-zero INIT value.
Related violations: <none>

TIMING-16#1 Warning
Large setup violation  
There is a large setup violation of -2.790 ns between FSM_sequential_game_state_reg[1]/C (clocked by sys_clk_pin) and drawScreen/drawLayers/drawSelect/address_fb1_reg/PCIN[0] (clocked by sys_clk_pin). Large setup violations at the end of those stages might be difficult to fix during the post-placement implementation flow and could be the result of non-optimal XDC constraints or non-optimal design architecture
Related violations: <none>

TIMING-16#2 Warning
Large setup violation  
There is a large setup violation of -2.790 ns between FSM_sequential_game_state_reg[1]/C (clocked by sys_clk_pin) and drawScreen/drawLayers/drawSelect/address_fb1_reg/PCIN[10] (clocked by sys_clk_pin). Large setup violations at the end of those stages might be difficult to fix during the post-placement implementation flow and could be the result of non-optimal XDC constraints or non-optimal design architecture
Related violations: <none>

TIMING-16#3 Warning
Large setup violation  
There is a large setup violation of -2.790 ns between FSM_sequential_game_state_reg[1]/C (clocked by sys_clk_pin) and drawScreen/drawLayers/drawSelect/address_fb1_reg/PCIN[11] (clocked by sys_clk_pin). Large setup violations at the end of those stages might be difficult to fix during the post-placement implementation flow and could be the result of non-optimal XDC constraints or non-optimal design architecture
Related violations: <none>

TIMING-16#4 Warning
Large setup violation  
There is a large setup violation of -2.790 ns between FSM_sequential_game_state_reg[1]/C (clocked by sys_clk_pin) and drawScreen/drawLayers/drawSelect/address_fb1_reg/PCIN[12] (clocked by sys_clk_pin). Large setup violations at the end of those stages might be difficult to fix during the post-placement implementation flow and could be the result of non-optimal XDC constraints or non-optimal design architecture
Related violations: <none>

TIMING-16#5 Warning
Large setup violation  
There is a large setup violation of -2.790 ns between FSM_sequential_game_state_reg[1]/C (clocked by sys_clk_pin) and drawScreen/drawLayers/drawSelect/address_fb1_reg/PCIN[13] (clocked by sys_clk_pin). Large setup violations at the end of those stages might be difficult to fix during the post-placement implementation flow and could be the result of non-optimal XDC constraints or non-optimal design architecture
Related violations: <none>

TIMING-16#6 Warning
Large setup violation  
There is a large setup violation of -2.790 ns between FSM_sequential_game_state_reg[1]/C (clocked by sys_clk_pin) and drawScreen/drawLayers/drawSelect/address_fb1_reg/PCIN[14] (clocked by sys_clk_pin). Large setup violations at the end of those stages might be difficult to fix during the post-placement implementation flow and could be the result of non-optimal XDC constraints or non-optimal design architecture
Related violations: <none>

TIMING-16#7 Warning
Large setup violation  
There is a large setup violation of -2.790 ns between FSM_sequential_game_state_reg[1]/C (clocked by sys_clk_pin) and drawScreen/drawLayers/drawSelect/address_fb1_reg/PCIN[15] (clocked by sys_clk_pin). Large setup violations at the end of those stages might be difficult to fix during the post-placement implementation flow and could be the result of non-optimal XDC constraints or non-optimal design architecture
Related violations: <none>

TIMING-16#8 Warning
Large setup violation  
There is a large setup violation of -2.790 ns between FSM_sequential_game_state_reg[1]/C (clocked by sys_clk_pin) and drawScreen/drawLayers/drawSelect/address_fb1_reg/PCIN[16] (clocked by sys_clk_pin). Large setup violations at the end of those stages might be difficult to fix during the post-placement implementation flow and could be the result of non-optimal XDC constraints or non-optimal design architecture
Related violations: <none>

TIMING-16#9 Warning
Large setup violation  
There is a large setup violation of -2.790 ns between FSM_sequential_game_state_reg[1]/C (clocked by sys_clk_pin) and drawScreen/drawLayers/drawSelect/address_fb1_reg/PCIN[17] (clocked by sys_clk_pin). Large setup violations at the end of those stages might be difficult to fix during the post-placement implementation flow and could be the result of non-optimal XDC constraints or non-optimal design architecture
Related violations: <none>

TIMING-16#10 Warning
Large setup violation  
There is a large setup violation of -2.790 ns between FSM_sequential_game_state_reg[1]/C (clocked by sys_clk_pin) and drawScreen/drawLayers/drawSelect/address_fb1_reg/PCIN[18] (clocked by sys_clk_pin). Large setup violations at the end of those stages might be difficult to fix during the post-placement implementation flow and could be the result of non-optimal XDC constraints or non-optimal design architecture
Related violations: <none>

TIMING-16#11 Warning
Large setup violation  
There is a large setup violation of -2.790 ns between FSM_sequential_game_state_reg[1]/C (clocked by sys_clk_pin) and drawScreen/drawLayers/drawSelect/address_fb1_reg/PCIN[19] (clocked by sys_clk_pin). Large setup violations at the end of those stages might be difficult to fix during the post-placement implementation flow and could be the result of non-optimal XDC constraints or non-optimal design architecture
Related violations: <none>

TIMING-16#12 Warning
Large setup violation  
There is a large setup violation of -2.790 ns between FSM_sequential_game_state_reg[1]/C (clocked by sys_clk_pin) and drawScreen/drawLayers/drawSelect/address_fb1_reg/PCIN[1] (clocked by sys_clk_pin). Large setup violations at the end of those stages might be difficult to fix during the post-placement implementation flow and could be the result of non-optimal XDC constraints or non-optimal design architecture
Related violations: <none>

TIMING-16#13 Warning
Large setup violation  
There is a large setup violation of -2.790 ns between FSM_sequential_game_state_reg[1]/C (clocked by sys_clk_pin) and drawScreen/drawLayers/drawSelect/address_fb1_reg/PCIN[20] (clocked by sys_clk_pin). Large setup violations at the end of those stages might be difficult to fix during the post-placement implementation flow and could be the result of non-optimal XDC constraints or non-optimal design architecture
Related violations: <none>

TIMING-16#14 Warning
Large setup violation  
There is a large setup violation of -2.790 ns between FSM_sequential_game_state_reg[1]/C (clocked by sys_clk_pin) and drawScreen/drawLayers/drawSelect/address_fb1_reg/PCIN[21] (clocked by sys_clk_pin). Large setup violations at the end of those stages might be difficult to fix during the post-placement implementation flow and could be the result of non-optimal XDC constraints or non-optimal design architecture
Related violations: <none>

TIMING-16#15 Warning
Large setup violation  
There is a large setup violation of -2.790 ns between FSM_sequential_game_state_reg[1]/C (clocked by sys_clk_pin) and drawScreen/drawLayers/drawSelect/address_fb1_reg/PCIN[22] (clocked by sys_clk_pin). Large setup violations at the end of those stages might be difficult to fix during the post-placement implementation flow and could be the result of non-optimal XDC constraints or non-optimal design architecture
Related violations: <none>

TIMING-16#16 Warning
Large setup violation  
There is a large setup violation of -2.790 ns between FSM_sequential_game_state_reg[1]/C (clocked by sys_clk_pin) and drawScreen/drawLayers/drawSelect/address_fb1_reg/PCIN[23] (clocked by sys_clk_pin). Large setup violations at the end of those stages might be difficult to fix during the post-placement implementation flow and could be the result of non-optimal XDC constraints or non-optimal design architecture
Related violations: <none>

TIMING-16#17 Warning
Large setup violation  
There is a large setup violation of -2.790 ns between FSM_sequential_game_state_reg[1]/C (clocked by sys_clk_pin) and drawScreen/drawLayers/drawSelect/address_fb1_reg/PCIN[24] (clocked by sys_clk_pin). Large setup violations at the end of those stages might be difficult to fix during the post-placement implementation flow and could be the result of non-optimal XDC constraints or non-optimal design architecture
Related violations: <none>

TIMING-16#18 Warning
Large setup violation  
There is a large setup violation of -2.790 ns between FSM_sequential_game_state_reg[1]/C (clocked by sys_clk_pin) and drawScreen/drawLayers/drawSelect/address_fb1_reg/PCIN[25] (clocked by sys_clk_pin). Large setup violations at the end of those stages might be difficult to fix during the post-placement implementation flow and could be the result of non-optimal XDC constraints or non-optimal design architecture
Related violations: <none>

TIMING-16#19 Warning
Large setup violation  
There is a large setup violation of -2.790 ns between FSM_sequential_game_state_reg[1]/C (clocked by sys_clk_pin) and drawScreen/drawLayers/drawSelect/address_fb1_reg/PCIN[26] (clocked by sys_clk_pin). Large setup violations at the end of those stages might be difficult to fix during the post-placement implementation flow and could be the result of non-optimal XDC constraints or non-optimal design architecture
Related violations: <none>

TIMING-16#20 Warning
Large setup violation  
There is a large setup violation of -2.790 ns between FSM_sequential_game_state_reg[1]/C (clocked by sys_clk_pin) and drawScreen/drawLayers/drawSelect/address_fb1_reg/PCIN[27] (clocked by sys_clk_pin). Large setup violations at the end of those stages might be difficult to fix during the post-placement implementation flow and could be the result of non-optimal XDC constraints or non-optimal design architecture
Related violations: <none>

TIMING-16#21 Warning
Large setup violation  
There is a large setup violation of -2.790 ns between FSM_sequential_game_state_reg[1]/C (clocked by sys_clk_pin) and drawScreen/drawLayers/drawSelect/address_fb1_reg/PCIN[28] (clocked by sys_clk_pin). Large setup violations at the end of those stages might be difficult to fix during the post-placement implementation flow and could be the result of non-optimal XDC constraints or non-optimal design architecture
Related violations: <none>

TIMING-16#22 Warning
Large setup violation  
There is a large setup violation of -2.790 ns between FSM_sequential_game_state_reg[1]/C (clocked by sys_clk_pin) and drawScreen/drawLayers/drawSelect/address_fb1_reg/PCIN[29] (clocked by sys_clk_pin). Large setup violations at the end of those stages might be difficult to fix during the post-placement implementation flow and could be the result of non-optimal XDC constraints or non-optimal design architecture
Related violations: <none>

TIMING-16#23 Warning
Large setup violation  
There is a large setup violation of -2.790 ns between FSM_sequential_game_state_reg[1]/C (clocked by sys_clk_pin) and drawScreen/drawLayers/drawSelect/address_fb1_reg/PCIN[2] (clocked by sys_clk_pin). Large setup violations at the end of those stages might be difficult to fix during the post-placement implementation flow and could be the result of non-optimal XDC constraints or non-optimal design architecture
Related violations: <none>

TIMING-16#24 Warning
Large setup violation  
There is a large setup violation of -2.790 ns between FSM_sequential_game_state_reg[1]/C (clocked by sys_clk_pin) and drawScreen/drawLayers/drawSelect/address_fb1_reg/PCIN[30] (clocked by sys_clk_pin). Large setup violations at the end of those stages might be difficult to fix during the post-placement implementation flow and could be the result of non-optimal XDC constraints or non-optimal design architecture
Related violations: <none>

TIMING-16#25 Warning
Large setup violation  
There is a large setup violation of -2.790 ns between FSM_sequential_game_state_reg[1]/C (clocked by sys_clk_pin) and drawScreen/drawLayers/drawSelect/address_fb1_reg/PCIN[31] (clocked by sys_clk_pin). Large setup violations at the end of those stages might be difficult to fix during the post-placement implementation flow and could be the result of non-optimal XDC constraints or non-optimal design architecture
Related violations: <none>

TIMING-16#26 Warning
Large setup violation  
There is a large setup violation of -2.790 ns between FSM_sequential_game_state_reg[1]/C (clocked by sys_clk_pin) and drawScreen/drawLayers/drawSelect/address_fb1_reg/PCIN[32] (clocked by sys_clk_pin). Large setup violations at the end of those stages might be difficult to fix during the post-placement implementation flow and could be the result of non-optimal XDC constraints or non-optimal design architecture
Related violations: <none>

TIMING-16#27 Warning
Large setup violation  
There is a large setup violation of -2.790 ns between FSM_sequential_game_state_reg[1]/C (clocked by sys_clk_pin) and drawScreen/drawLayers/drawSelect/address_fb1_reg/PCIN[33] (clocked by sys_clk_pin). Large setup violations at the end of those stages might be difficult to fix during the post-placement implementation flow and could be the result of non-optimal XDC constraints or non-optimal design architecture
Related violations: <none>

TIMING-16#28 Warning
Large setup violation  
There is a large setup violation of -2.790 ns between FSM_sequential_game_state_reg[1]/C (clocked by sys_clk_pin) and drawScreen/drawLayers/drawSelect/address_fb1_reg/PCIN[34] (clocked by sys_clk_pin). Large setup violations at the end of those stages might be difficult to fix during the post-placement implementation flow and could be the result of non-optimal XDC constraints or non-optimal design architecture
Related violations: <none>

TIMING-16#29 Warning
Large setup violation  
There is a large setup violation of -2.790 ns between FSM_sequential_game_state_reg[1]/C (clocked by sys_clk_pin) and drawScreen/drawLayers/drawSelect/address_fb1_reg/PCIN[35] (clocked by sys_clk_pin). Large setup violations at the end of those stages might be difficult to fix during the post-placement implementation flow and could be the result of non-optimal XDC constraints or non-optimal design architecture
Related violations: <none>

TIMING-16#30 Warning
Large setup violation  
There is a large setup violation of -2.790 ns between FSM_sequential_game_state_reg[1]/C (clocked by sys_clk_pin) and drawScreen/drawLayers/drawSelect/address_fb1_reg/PCIN[36] (clocked by sys_clk_pin). Large setup violations at the end of those stages might be difficult to fix during the post-placement implementation flow and could be the result of non-optimal XDC constraints or non-optimal design architecture
Related violations: <none>

TIMING-16#31 Warning
Large setup violation  
There is a large setup violation of -2.790 ns between FSM_sequential_game_state_reg[1]/C (clocked by sys_clk_pin) and drawScreen/drawLayers/drawSelect/address_fb1_reg/PCIN[37] (clocked by sys_clk_pin). Large setup violations at the end of those stages might be difficult to fix during the post-placement implementation flow and could be the result of non-optimal XDC constraints or non-optimal design architecture
Related violations: <none>

TIMING-16#32 Warning
Large setup violation  
There is a large setup violation of -2.790 ns between FSM_sequential_game_state_reg[1]/C (clocked by sys_clk_pin) and drawScreen/drawLayers/drawSelect/address_fb1_reg/PCIN[38] (clocked by sys_clk_pin). Large setup violations at the end of those stages might be difficult to fix during the post-placement implementation flow and could be the result of non-optimal XDC constraints or non-optimal design architecture
Related violations: <none>

TIMING-16#33 Warning
Large setup violation  
There is a large setup violation of -2.790 ns between FSM_sequential_game_state_reg[1]/C (clocked by sys_clk_pin) and drawScreen/drawLayers/drawSelect/address_fb1_reg/PCIN[39] (clocked by sys_clk_pin). Large setup violations at the end of those stages might be difficult to fix during the post-placement implementation flow and could be the result of non-optimal XDC constraints or non-optimal design architecture
Related violations: <none>

TIMING-16#34 Warning
Large setup violation  
There is a large setup violation of -2.790 ns between FSM_sequential_game_state_reg[1]/C (clocked by sys_clk_pin) and drawScreen/drawLayers/drawSelect/address_fb1_reg/PCIN[3] (clocked by sys_clk_pin). Large setup violations at the end of those stages might be difficult to fix during the post-placement implementation flow and could be the result of non-optimal XDC constraints or non-optimal design architecture
Related violations: <none>

TIMING-16#35 Warning
Large setup violation  
There is a large setup violation of -2.790 ns between FSM_sequential_game_state_reg[1]/C (clocked by sys_clk_pin) and drawScreen/drawLayers/drawSelect/address_fb1_reg/PCIN[40] (clocked by sys_clk_pin). Large setup violations at the end of those stages might be difficult to fix during the post-placement implementation flow and could be the result of non-optimal XDC constraints or non-optimal design architecture
Related violations: <none>

TIMING-16#36 Warning
Large setup violation  
There is a large setup violation of -2.790 ns between FSM_sequential_game_state_reg[1]/C (clocked by sys_clk_pin) and drawScreen/drawLayers/drawSelect/address_fb1_reg/PCIN[41] (clocked by sys_clk_pin). Large setup violations at the end of those stages might be difficult to fix during the post-placement implementation flow and could be the result of non-optimal XDC constraints or non-optimal design architecture
Related violations: <none>

TIMING-16#37 Warning
Large setup violation  
There is a large setup violation of -2.790 ns between FSM_sequential_game_state_reg[1]/C (clocked by sys_clk_pin) and drawScreen/drawLayers/drawSelect/address_fb1_reg/PCIN[42] (clocked by sys_clk_pin). Large setup violations at the end of those stages might be difficult to fix during the post-placement implementation flow and could be the result of non-optimal XDC constraints or non-optimal design architecture
Related violations: <none>

TIMING-16#38 Warning
Large setup violation  
There is a large setup violation of -2.790 ns between FSM_sequential_game_state_reg[1]/C (clocked by sys_clk_pin) and drawScreen/drawLayers/drawSelect/address_fb1_reg/PCIN[43] (clocked by sys_clk_pin). Large setup violations at the end of those stages might be difficult to fix during the post-placement implementation flow and could be the result of non-optimal XDC constraints or non-optimal design architecture
Related violations: <none>

TIMING-16#39 Warning
Large setup violation  
There is a large setup violation of -2.790 ns between FSM_sequential_game_state_reg[1]/C (clocked by sys_clk_pin) and drawScreen/drawLayers/drawSelect/address_fb1_reg/PCIN[44] (clocked by sys_clk_pin). Large setup violations at the end of those stages might be difficult to fix during the post-placement implementation flow and could be the result of non-optimal XDC constraints or non-optimal design architecture
Related violations: <none>

TIMING-16#40 Warning
Large setup violation  
There is a large setup violation of -2.790 ns between FSM_sequential_game_state_reg[1]/C (clocked by sys_clk_pin) and drawScreen/drawLayers/drawSelect/address_fb1_reg/PCIN[45] (clocked by sys_clk_pin). Large setup violations at the end of those stages might be difficult to fix during the post-placement implementation flow and could be the result of non-optimal XDC constraints or non-optimal design architecture
Related violations: <none>

TIMING-16#41 Warning
Large setup violation  
There is a large setup violation of -2.790 ns between FSM_sequential_game_state_reg[1]/C (clocked by sys_clk_pin) and drawScreen/drawLayers/drawSelect/address_fb1_reg/PCIN[46] (clocked by sys_clk_pin). Large setup violations at the end of those stages might be difficult to fix during the post-placement implementation flow and could be the result of non-optimal XDC constraints or non-optimal design architecture
Related violations: <none>

TIMING-16#42 Warning
Large setup violation  
There is a large setup violation of -2.790 ns between FSM_sequential_game_state_reg[1]/C (clocked by sys_clk_pin) and drawScreen/drawLayers/drawSelect/address_fb1_reg/PCIN[47] (clocked by sys_clk_pin). Large setup violations at the end of those stages might be difficult to fix during the post-placement implementation flow and could be the result of non-optimal XDC constraints or non-optimal design architecture
Related violations: <none>

TIMING-16#43 Warning
Large setup violation  
There is a large setup violation of -2.790 ns between FSM_sequential_game_state_reg[1]/C (clocked by sys_clk_pin) and drawScreen/drawLayers/drawSelect/address_fb1_reg/PCIN[4] (clocked by sys_clk_pin). Large setup violations at the end of those stages might be difficult to fix during the post-placement implementation flow and could be the result of non-optimal XDC constraints or non-optimal design architecture
Related violations: <none>

TIMING-16#44 Warning
Large setup violation  
There is a large setup violation of -2.790 ns between FSM_sequential_game_state_reg[1]/C (clocked by sys_clk_pin) and drawScreen/drawLayers/drawSelect/address_fb1_reg/PCIN[5] (clocked by sys_clk_pin). Large setup violations at the end of those stages might be difficult to fix during the post-placement implementation flow and could be the result of non-optimal XDC constraints or non-optimal design architecture
Related violations: <none>

TIMING-16#45 Warning
Large setup violation  
There is a large setup violation of -2.790 ns between FSM_sequential_game_state_reg[1]/C (clocked by sys_clk_pin) and drawScreen/drawLayers/drawSelect/address_fb1_reg/PCIN[6] (clocked by sys_clk_pin). Large setup violations at the end of those stages might be difficult to fix during the post-placement implementation flow and could be the result of non-optimal XDC constraints or non-optimal design architecture
Related violations: <none>

TIMING-16#46 Warning
Large setup violation  
There is a large setup violation of -2.790 ns between FSM_sequential_game_state_reg[1]/C (clocked by sys_clk_pin) and drawScreen/drawLayers/drawSelect/address_fb1_reg/PCIN[7] (clocked by sys_clk_pin). Large setup violations at the end of those stages might be difficult to fix during the post-placement implementation flow and could be the result of non-optimal XDC constraints or non-optimal design architecture
Related violations: <none>

TIMING-16#47 Warning
Large setup violation  
There is a large setup violation of -2.790 ns between FSM_sequential_game_state_reg[1]/C (clocked by sys_clk_pin) and drawScreen/drawLayers/drawSelect/address_fb1_reg/PCIN[8] (clocked by sys_clk_pin). Large setup violations at the end of those stages might be difficult to fix during the post-placement implementation flow and could be the result of non-optimal XDC constraints or non-optimal design architecture
Related violations: <none>

TIMING-16#48 Warning
Large setup violation  
There is a large setup violation of -2.790 ns between FSM_sequential_game_state_reg[1]/C (clocked by sys_clk_pin) and drawScreen/drawLayers/drawSelect/address_fb1_reg/PCIN[9] (clocked by sys_clk_pin). Large setup violations at the end of those stages might be difficult to fix during the post-placement implementation flow and could be the result of non-optimal XDC constraints or non-optimal design architecture
Related violations: <none>

TIMING-16#49 Warning
Large setup violation  
There is a large setup violation of -2.926 ns between drawScreen/drawLayers/fh_cnt_reg[0]/C (clocked by sys_clk_pin) and drawScreen/drawLayers/drawFailhole/address_fb1_reg/PCIN[0] (clocked by sys_clk_pin). Large setup violations at the end of those stages might be difficult to fix during the post-placement implementation flow and could be the result of non-optimal XDC constraints or non-optimal design architecture
Related violations: <none>

TIMING-16#50 Warning
Large setup violation  
There is a large setup violation of -2.926 ns between drawScreen/drawLayers/fh_cnt_reg[0]/C (clocked by sys_clk_pin) and drawScreen/drawLayers/drawFailhole/address_fb1_reg/PCIN[10] (clocked by sys_clk_pin). Large setup violations at the end of those stages might be difficult to fix during the post-placement implementation flow and could be the result of non-optimal XDC constraints or non-optimal design architecture
Related violations: <none>

TIMING-16#51 Warning
Large setup violation  
There is a large setup violation of -2.926 ns between drawScreen/drawLayers/fh_cnt_reg[0]/C (clocked by sys_clk_pin) and drawScreen/drawLayers/drawFailhole/address_fb1_reg/PCIN[11] (clocked by sys_clk_pin). Large setup violations at the end of those stages might be difficult to fix during the post-placement implementation flow and could be the result of non-optimal XDC constraints or non-optimal design architecture
Related violations: <none>

TIMING-16#52 Warning
Large setup violation  
There is a large setup violation of -2.926 ns between drawScreen/drawLayers/fh_cnt_reg[0]/C (clocked by sys_clk_pin) and drawScreen/drawLayers/drawFailhole/address_fb1_reg/PCIN[12] (clocked by sys_clk_pin). Large setup violations at the end of those stages might be difficult to fix during the post-placement implementation flow and could be the result of non-optimal XDC constraints or non-optimal design architecture
Related violations: <none>

TIMING-16#53 Warning
Large setup violation  
There is a large setup violation of -2.926 ns between drawScreen/drawLayers/fh_cnt_reg[0]/C (clocked by sys_clk_pin) and drawScreen/drawLayers/drawFailhole/address_fb1_reg/PCIN[13] (clocked by sys_clk_pin). Large setup violations at the end of those stages might be difficult to fix during the post-placement implementation flow and could be the result of non-optimal XDC constraints or non-optimal design architecture
Related violations: <none>

TIMING-16#54 Warning
Large setup violation  
There is a large setup violation of -2.926 ns between drawScreen/drawLayers/fh_cnt_reg[0]/C (clocked by sys_clk_pin) and drawScreen/drawLayers/drawFailhole/address_fb1_reg/PCIN[14] (clocked by sys_clk_pin). Large setup violations at the end of those stages might be difficult to fix during the post-placement implementation flow and could be the result of non-optimal XDC constraints or non-optimal design architecture
Related violations: <none>

TIMING-16#55 Warning
Large setup violation  
There is a large setup violation of -2.926 ns between drawScreen/drawLayers/fh_cnt_reg[0]/C (clocked by sys_clk_pin) and drawScreen/drawLayers/drawFailhole/address_fb1_reg/PCIN[15] (clocked by sys_clk_pin). Large setup violations at the end of those stages might be difficult to fix during the post-placement implementation flow and could be the result of non-optimal XDC constraints or non-optimal design architecture
Related violations: <none>

TIMING-16#56 Warning
Large setup violation  
There is a large setup violation of -2.926 ns between drawScreen/drawLayers/fh_cnt_reg[0]/C (clocked by sys_clk_pin) and drawScreen/drawLayers/drawFailhole/address_fb1_reg/PCIN[16] (clocked by sys_clk_pin). Large setup violations at the end of those stages might be difficult to fix during the post-placement implementation flow and could be the result of non-optimal XDC constraints or non-optimal design architecture
Related violations: <none>

TIMING-16#57 Warning
Large setup violation  
There is a large setup violation of -2.926 ns between drawScreen/drawLayers/fh_cnt_reg[0]/C (clocked by sys_clk_pin) and drawScreen/drawLayers/drawFailhole/address_fb1_reg/PCIN[17] (clocked by sys_clk_pin). Large setup violations at the end of those stages might be difficult to fix during the post-placement implementation flow and could be the result of non-optimal XDC constraints or non-optimal design architecture
Related violations: <none>

TIMING-16#58 Warning
Large setup violation  
There is a large setup violation of -2.926 ns between drawScreen/drawLayers/fh_cnt_reg[0]/C (clocked by sys_clk_pin) and drawScreen/drawLayers/drawFailhole/address_fb1_reg/PCIN[18] (clocked by sys_clk_pin). Large setup violations at the end of those stages might be difficult to fix during the post-placement implementation flow and could be the result of non-optimal XDC constraints or non-optimal design architecture
Related violations: <none>

TIMING-16#59 Warning
Large setup violation  
There is a large setup violation of -2.926 ns between drawScreen/drawLayers/fh_cnt_reg[0]/C (clocked by sys_clk_pin) and drawScreen/drawLayers/drawFailhole/address_fb1_reg/PCIN[19] (clocked by sys_clk_pin). Large setup violations at the end of those stages might be difficult to fix during the post-placement implementation flow and could be the result of non-optimal XDC constraints or non-optimal design architecture
Related violations: <none>

TIMING-16#60 Warning
Large setup violation  
There is a large setup violation of -2.926 ns between drawScreen/drawLayers/fh_cnt_reg[0]/C (clocked by sys_clk_pin) and drawScreen/drawLayers/drawFailhole/address_fb1_reg/PCIN[1] (clocked by sys_clk_pin). Large setup violations at the end of those stages might be difficult to fix during the post-placement implementation flow and could be the result of non-optimal XDC constraints or non-optimal design architecture
Related violations: <none>

TIMING-16#61 Warning
Large setup violation  
There is a large setup violation of -2.926 ns between drawScreen/drawLayers/fh_cnt_reg[0]/C (clocked by sys_clk_pin) and drawScreen/drawLayers/drawFailhole/address_fb1_reg/PCIN[20] (clocked by sys_clk_pin). Large setup violations at the end of those stages might be difficult to fix during the post-placement implementation flow and could be the result of non-optimal XDC constraints or non-optimal design architecture
Related violations: <none>

TIMING-16#62 Warning
Large setup violation  
There is a large setup violation of -2.926 ns between drawScreen/drawLayers/fh_cnt_reg[0]/C (clocked by sys_clk_pin) and drawScreen/drawLayers/drawFailhole/address_fb1_reg/PCIN[21] (clocked by sys_clk_pin). Large setup violations at the end of those stages might be difficult to fix during the post-placement implementation flow and could be the result of non-optimal XDC constraints or non-optimal design architecture
Related violations: <none>

TIMING-16#63 Warning
Large setup violation  
There is a large setup violation of -2.926 ns between drawScreen/drawLayers/fh_cnt_reg[0]/C (clocked by sys_clk_pin) and drawScreen/drawLayers/drawFailhole/address_fb1_reg/PCIN[22] (clocked by sys_clk_pin). Large setup violations at the end of those stages might be difficult to fix during the post-placement implementation flow and could be the result of non-optimal XDC constraints or non-optimal design architecture
Related violations: <none>

TIMING-16#64 Warning
Large setup violation  
There is a large setup violation of -2.926 ns between drawScreen/drawLayers/fh_cnt_reg[0]/C (clocked by sys_clk_pin) and drawScreen/drawLayers/drawFailhole/address_fb1_reg/PCIN[23] (clocked by sys_clk_pin). Large setup violations at the end of those stages might be difficult to fix during the post-placement implementation flow and could be the result of non-optimal XDC constraints or non-optimal design architecture
Related violations: <none>

TIMING-16#65 Warning
Large setup violation  
There is a large setup violation of -2.926 ns between drawScreen/drawLayers/fh_cnt_reg[0]/C (clocked by sys_clk_pin) and drawScreen/drawLayers/drawFailhole/address_fb1_reg/PCIN[24] (clocked by sys_clk_pin). Large setup violations at the end of those stages might be difficult to fix during the post-placement implementation flow and could be the result of non-optimal XDC constraints or non-optimal design architecture
Related violations: <none>

TIMING-16#66 Warning
Large setup violation  
There is a large setup violation of -2.926 ns between drawScreen/drawLayers/fh_cnt_reg[0]/C (clocked by sys_clk_pin) and drawScreen/drawLayers/drawFailhole/address_fb1_reg/PCIN[25] (clocked by sys_clk_pin). Large setup violations at the end of those stages might be difficult to fix during the post-placement implementation flow and could be the result of non-optimal XDC constraints or non-optimal design architecture
Related violations: <none>

TIMING-16#67 Warning
Large setup violation  
There is a large setup violation of -2.926 ns between drawScreen/drawLayers/fh_cnt_reg[0]/C (clocked by sys_clk_pin) and drawScreen/drawLayers/drawFailhole/address_fb1_reg/PCIN[26] (clocked by sys_clk_pin). Large setup violations at the end of those stages might be difficult to fix during the post-placement implementation flow and could be the result of non-optimal XDC constraints or non-optimal design architecture
Related violations: <none>

TIMING-16#68 Warning
Large setup violation  
There is a large setup violation of -2.926 ns between drawScreen/drawLayers/fh_cnt_reg[0]/C (clocked by sys_clk_pin) and drawScreen/drawLayers/drawFailhole/address_fb1_reg/PCIN[27] (clocked by sys_clk_pin). Large setup violations at the end of those stages might be difficult to fix during the post-placement implementation flow and could be the result of non-optimal XDC constraints or non-optimal design architecture
Related violations: <none>

TIMING-16#69 Warning
Large setup violation  
There is a large setup violation of -2.926 ns between drawScreen/drawLayers/fh_cnt_reg[0]/C (clocked by sys_clk_pin) and drawScreen/drawLayers/drawFailhole/address_fb1_reg/PCIN[28] (clocked by sys_clk_pin). Large setup violations at the end of those stages might be difficult to fix during the post-placement implementation flow and could be the result of non-optimal XDC constraints or non-optimal design architecture
Related violations: <none>

TIMING-16#70 Warning
Large setup violation  
There is a large setup violation of -2.926 ns between drawScreen/drawLayers/fh_cnt_reg[0]/C (clocked by sys_clk_pin) and drawScreen/drawLayers/drawFailhole/address_fb1_reg/PCIN[29] (clocked by sys_clk_pin). Large setup violations at the end of those stages might be difficult to fix during the post-placement implementation flow and could be the result of non-optimal XDC constraints or non-optimal design architecture
Related violations: <none>

TIMING-16#71 Warning
Large setup violation  
There is a large setup violation of -2.926 ns between drawScreen/drawLayers/fh_cnt_reg[0]/C (clocked by sys_clk_pin) and drawScreen/drawLayers/drawFailhole/address_fb1_reg/PCIN[2] (clocked by sys_clk_pin). Large setup violations at the end of those stages might be difficult to fix during the post-placement implementation flow and could be the result of non-optimal XDC constraints or non-optimal design architecture
Related violations: <none>

TIMING-16#72 Warning
Large setup violation  
There is a large setup violation of -2.926 ns between drawScreen/drawLayers/fh_cnt_reg[0]/C (clocked by sys_clk_pin) and drawScreen/drawLayers/drawFailhole/address_fb1_reg/PCIN[30] (clocked by sys_clk_pin). Large setup violations at the end of those stages might be difficult to fix during the post-placement implementation flow and could be the result of non-optimal XDC constraints or non-optimal design architecture
Related violations: <none>

TIMING-16#73 Warning
Large setup violation  
There is a large setup violation of -2.926 ns between drawScreen/drawLayers/fh_cnt_reg[0]/C (clocked by sys_clk_pin) and drawScreen/drawLayers/drawFailhole/address_fb1_reg/PCIN[31] (clocked by sys_clk_pin). Large setup violations at the end of those stages might be difficult to fix during the post-placement implementation flow and could be the result of non-optimal XDC constraints or non-optimal design architecture
Related violations: <none>

TIMING-16#74 Warning
Large setup violation  
There is a large setup violation of -2.926 ns between drawScreen/drawLayers/fh_cnt_reg[0]/C (clocked by sys_clk_pin) and drawScreen/drawLayers/drawFailhole/address_fb1_reg/PCIN[32] (clocked by sys_clk_pin). Large setup violations at the end of those stages might be difficult to fix during the post-placement implementation flow and could be the result of non-optimal XDC constraints or non-optimal design architecture
Related violations: <none>

TIMING-16#75 Warning
Large setup violation  
There is a large setup violation of -2.926 ns between drawScreen/drawLayers/fh_cnt_reg[0]/C (clocked by sys_clk_pin) and drawScreen/drawLayers/drawFailhole/address_fb1_reg/PCIN[33] (clocked by sys_clk_pin). Large setup violations at the end of those stages might be difficult to fix during the post-placement implementation flow and could be the result of non-optimal XDC constraints or non-optimal design architecture
Related violations: <none>

TIMING-16#76 Warning
Large setup violation  
There is a large setup violation of -2.926 ns between drawScreen/drawLayers/fh_cnt_reg[0]/C (clocked by sys_clk_pin) and drawScreen/drawLayers/drawFailhole/address_fb1_reg/PCIN[34] (clocked by sys_clk_pin). Large setup violations at the end of those stages might be difficult to fix during the post-placement implementation flow and could be the result of non-optimal XDC constraints or non-optimal design architecture
Related violations: <none>

TIMING-16#77 Warning
Large setup violation  
There is a large setup violation of -2.926 ns between drawScreen/drawLayers/fh_cnt_reg[0]/C (clocked by sys_clk_pin) and drawScreen/drawLayers/drawFailhole/address_fb1_reg/PCIN[35] (clocked by sys_clk_pin). Large setup violations at the end of those stages might be difficult to fix during the post-placement implementation flow and could be the result of non-optimal XDC constraints or non-optimal design architecture
Related violations: <none>

TIMING-16#78 Warning
Large setup violation  
There is a large setup violation of -2.926 ns between drawScreen/drawLayers/fh_cnt_reg[0]/C (clocked by sys_clk_pin) and drawScreen/drawLayers/drawFailhole/address_fb1_reg/PCIN[36] (clocked by sys_clk_pin). Large setup violations at the end of those stages might be difficult to fix during the post-placement implementation flow and could be the result of non-optimal XDC constraints or non-optimal design architecture
Related violations: <none>

TIMING-16#79 Warning
Large setup violation  
There is a large setup violation of -2.926 ns between drawScreen/drawLayers/fh_cnt_reg[0]/C (clocked by sys_clk_pin) and drawScreen/drawLayers/drawFailhole/address_fb1_reg/PCIN[37] (clocked by sys_clk_pin). Large setup violations at the end of those stages might be difficult to fix during the post-placement implementation flow and could be the result of non-optimal XDC constraints or non-optimal design architecture
Related violations: <none>

TIMING-16#80 Warning
Large setup violation  
There is a large setup violation of -2.926 ns between drawScreen/drawLayers/fh_cnt_reg[0]/C (clocked by sys_clk_pin) and drawScreen/drawLayers/drawFailhole/address_fb1_reg/PCIN[38] (clocked by sys_clk_pin). Large setup violations at the end of those stages might be difficult to fix during the post-placement implementation flow and could be the result of non-optimal XDC constraints or non-optimal design architecture
Related violations: <none>

TIMING-16#81 Warning
Large setup violation  
There is a large setup violation of -2.926 ns between drawScreen/drawLayers/fh_cnt_reg[0]/C (clocked by sys_clk_pin) and drawScreen/drawLayers/drawFailhole/address_fb1_reg/PCIN[39] (clocked by sys_clk_pin). Large setup violations at the end of those stages might be difficult to fix during the post-placement implementation flow and could be the result of non-optimal XDC constraints or non-optimal design architecture
Related violations: <none>

TIMING-16#82 Warning
Large setup violation  
There is a large setup violation of -2.926 ns between drawScreen/drawLayers/fh_cnt_reg[0]/C (clocked by sys_clk_pin) and drawScreen/drawLayers/drawFailhole/address_fb1_reg/PCIN[3] (clocked by sys_clk_pin). Large setup violations at the end of those stages might be difficult to fix during the post-placement implementation flow and could be the result of non-optimal XDC constraints or non-optimal design architecture
Related violations: <none>

TIMING-16#83 Warning
Large setup violation  
There is a large setup violation of -2.926 ns between drawScreen/drawLayers/fh_cnt_reg[0]/C (clocked by sys_clk_pin) and drawScreen/drawLayers/drawFailhole/address_fb1_reg/PCIN[40] (clocked by sys_clk_pin). Large setup violations at the end of those stages might be difficult to fix during the post-placement implementation flow and could be the result of non-optimal XDC constraints or non-optimal design architecture
Related violations: <none>

TIMING-16#84 Warning
Large setup violation  
There is a large setup violation of -2.926 ns between drawScreen/drawLayers/fh_cnt_reg[0]/C (clocked by sys_clk_pin) and drawScreen/drawLayers/drawFailhole/address_fb1_reg/PCIN[41] (clocked by sys_clk_pin). Large setup violations at the end of those stages might be difficult to fix during the post-placement implementation flow and could be the result of non-optimal XDC constraints or non-optimal design architecture
Related violations: <none>

TIMING-16#85 Warning
Large setup violation  
There is a large setup violation of -2.926 ns between drawScreen/drawLayers/fh_cnt_reg[0]/C (clocked by sys_clk_pin) and drawScreen/drawLayers/drawFailhole/address_fb1_reg/PCIN[42] (clocked by sys_clk_pin). Large setup violations at the end of those stages might be difficult to fix during the post-placement implementation flow and could be the result of non-optimal XDC constraints or non-optimal design architecture
Related violations: <none>

TIMING-16#86 Warning
Large setup violation  
There is a large setup violation of -2.926 ns between drawScreen/drawLayers/fh_cnt_reg[0]/C (clocked by sys_clk_pin) and drawScreen/drawLayers/drawFailhole/address_fb1_reg/PCIN[43] (clocked by sys_clk_pin). Large setup violations at the end of those stages might be difficult to fix during the post-placement implementation flow and could be the result of non-optimal XDC constraints or non-optimal design architecture
Related violations: <none>

TIMING-16#87 Warning
Large setup violation  
There is a large setup violation of -2.926 ns between drawScreen/drawLayers/fh_cnt_reg[0]/C (clocked by sys_clk_pin) and drawScreen/drawLayers/drawFailhole/address_fb1_reg/PCIN[44] (clocked by sys_clk_pin). Large setup violations at the end of those stages might be difficult to fix during the post-placement implementation flow and could be the result of non-optimal XDC constraints or non-optimal design architecture
Related violations: <none>

TIMING-16#88 Warning
Large setup violation  
There is a large setup violation of -2.926 ns between drawScreen/drawLayers/fh_cnt_reg[0]/C (clocked by sys_clk_pin) and drawScreen/drawLayers/drawFailhole/address_fb1_reg/PCIN[45] (clocked by sys_clk_pin). Large setup violations at the end of those stages might be difficult to fix during the post-placement implementation flow and could be the result of non-optimal XDC constraints or non-optimal design architecture
Related violations: <none>

TIMING-16#89 Warning
Large setup violation  
There is a large setup violation of -2.926 ns between drawScreen/drawLayers/fh_cnt_reg[0]/C (clocked by sys_clk_pin) and drawScreen/drawLayers/drawFailhole/address_fb1_reg/PCIN[46] (clocked by sys_clk_pin). Large setup violations at the end of those stages might be difficult to fix during the post-placement implementation flow and could be the result of non-optimal XDC constraints or non-optimal design architecture
Related violations: <none>

TIMING-16#90 Warning
Large setup violation  
There is a large setup violation of -2.926 ns between drawScreen/drawLayers/fh_cnt_reg[0]/C (clocked by sys_clk_pin) and drawScreen/drawLayers/drawFailhole/address_fb1_reg/PCIN[47] (clocked by sys_clk_pin). Large setup violations at the end of those stages might be difficult to fix during the post-placement implementation flow and could be the result of non-optimal XDC constraints or non-optimal design architecture
Related violations: <none>

TIMING-16#91 Warning
Large setup violation  
There is a large setup violation of -2.926 ns between drawScreen/drawLayers/fh_cnt_reg[0]/C (clocked by sys_clk_pin) and drawScreen/drawLayers/drawFailhole/address_fb1_reg/PCIN[4] (clocked by sys_clk_pin). Large setup violations at the end of those stages might be difficult to fix during the post-placement implementation flow and could be the result of non-optimal XDC constraints or non-optimal design architecture
Related violations: <none>

TIMING-16#92 Warning
Large setup violation  
There is a large setup violation of -2.926 ns between drawScreen/drawLayers/fh_cnt_reg[0]/C (clocked by sys_clk_pin) and drawScreen/drawLayers/drawFailhole/address_fb1_reg/PCIN[5] (clocked by sys_clk_pin). Large setup violations at the end of those stages might be difficult to fix during the post-placement implementation flow and could be the result of non-optimal XDC constraints or non-optimal design architecture
Related violations: <none>

TIMING-16#93 Warning
Large setup violation  
There is a large setup violation of -2.926 ns between drawScreen/drawLayers/fh_cnt_reg[0]/C (clocked by sys_clk_pin) and drawScreen/drawLayers/drawFailhole/address_fb1_reg/PCIN[6] (clocked by sys_clk_pin). Large setup violations at the end of those stages might be difficult to fix during the post-placement implementation flow and could be the result of non-optimal XDC constraints or non-optimal design architecture
Related violations: <none>

TIMING-16#94 Warning
Large setup violation  
There is a large setup violation of -2.926 ns between drawScreen/drawLayers/fh_cnt_reg[0]/C (clocked by sys_clk_pin) and drawScreen/drawLayers/drawFailhole/address_fb1_reg/PCIN[7] (clocked by sys_clk_pin). Large setup violations at the end of those stages might be difficult to fix during the post-placement implementation flow and could be the result of non-optimal XDC constraints or non-optimal design architecture
Related violations: <none>

TIMING-16#95 Warning
Large setup violation  
There is a large setup violation of -2.926 ns between drawScreen/drawLayers/fh_cnt_reg[0]/C (clocked by sys_clk_pin) and drawScreen/drawLayers/drawFailhole/address_fb1_reg/PCIN[8] (clocked by sys_clk_pin). Large setup violations at the end of those stages might be difficult to fix during the post-placement implementation flow and could be the result of non-optimal XDC constraints or non-optimal design architecture
Related violations: <none>

TIMING-16#96 Warning
Large setup violation  
There is a large setup violation of -2.926 ns between drawScreen/drawLayers/fh_cnt_reg[0]/C (clocked by sys_clk_pin) and drawScreen/drawLayers/drawFailhole/address_fb1_reg/PCIN[9] (clocked by sys_clk_pin). Large setup violations at the end of those stages might be difficult to fix during the post-placement implementation flow and could be the result of non-optimal XDC constraints or non-optimal design architecture
Related violations: <none>

TIMING-16#97 Warning
Large setup violation  
There is a large setup violation of -3.026 ns between dropControl/failHole4/conflict_reg/C (clocked by sys_clk_pin) and drawScreen/drawLayers/drawBall/address_fb1_reg/PCIN[0] (clocked by sys_clk_pin). Large setup violations at the end of those stages might be difficult to fix during the post-placement implementation flow and could be the result of non-optimal XDC constraints or non-optimal design architecture
Related violations: <none>

TIMING-16#98 Warning
Large setup violation  
There is a large setup violation of -3.026 ns between dropControl/failHole4/conflict_reg/C (clocked by sys_clk_pin) and drawScreen/drawLayers/drawBall/address_fb1_reg/PCIN[10] (clocked by sys_clk_pin). Large setup violations at the end of those stages might be difficult to fix during the post-placement implementation flow and could be the result of non-optimal XDC constraints or non-optimal design architecture
Related violations: <none>

TIMING-16#99 Warning
Large setup violation  
There is a large setup violation of -3.026 ns between dropControl/failHole4/conflict_reg/C (clocked by sys_clk_pin) and drawScreen/drawLayers/drawBall/address_fb1_reg/PCIN[11] (clocked by sys_clk_pin). Large setup violations at the end of those stages might be difficult to fix during the post-placement implementation flow and could be the result of non-optimal XDC constraints or non-optimal design architecture
Related violations: <none>

TIMING-16#100 Warning
Large setup violation  
There is a large setup violation of -3.026 ns between dropControl/failHole4/conflict_reg/C (clocked by sys_clk_pin) and drawScreen/drawLayers/drawBall/address_fb1_reg/PCIN[12] (clocked by sys_clk_pin). Large setup violations at the end of those stages might be difficult to fix during the post-placement implementation flow and could be the result of non-optimal XDC constraints or non-optimal design architecture
Related violations: <none>

TIMING-16#101 Warning
Large setup violation  
There is a large setup violation of -3.026 ns between dropControl/failHole4/conflict_reg/C (clocked by sys_clk_pin) and drawScreen/drawLayers/drawBall/address_fb1_reg/PCIN[13] (clocked by sys_clk_pin). Large setup violations at the end of those stages might be difficult to fix during the post-placement implementation flow and could be the result of non-optimal XDC constraints or non-optimal design architecture
Related violations: <none>

TIMING-16#102 Warning
Large setup violation  
There is a large setup violation of -3.026 ns between dropControl/failHole4/conflict_reg/C (clocked by sys_clk_pin) and drawScreen/drawLayers/drawBall/address_fb1_reg/PCIN[14] (clocked by sys_clk_pin). Large setup violations at the end of those stages might be difficult to fix during the post-placement implementation flow and could be the result of non-optimal XDC constraints or non-optimal design architecture
Related violations: <none>

TIMING-16#103 Warning
Large setup violation  
There is a large setup violation of -3.026 ns between dropControl/failHole4/conflict_reg/C (clocked by sys_clk_pin) and drawScreen/drawLayers/drawBall/address_fb1_reg/PCIN[15] (clocked by sys_clk_pin). Large setup violations at the end of those stages might be difficult to fix during the post-placement implementation flow and could be the result of non-optimal XDC constraints or non-optimal design architecture
Related violations: <none>

TIMING-16#104 Warning
Large setup violation  
There is a large setup violation of -3.026 ns between dropControl/failHole4/conflict_reg/C (clocked by sys_clk_pin) and drawScreen/drawLayers/drawBall/address_fb1_reg/PCIN[16] (clocked by sys_clk_pin). Large setup violations at the end of those stages might be difficult to fix during the post-placement implementation flow and could be the result of non-optimal XDC constraints or non-optimal design architecture
Related violations: <none>

TIMING-16#105 Warning
Large setup violation  
There is a large setup violation of -3.026 ns between dropControl/failHole4/conflict_reg/C (clocked by sys_clk_pin) and drawScreen/drawLayers/drawBall/address_fb1_reg/PCIN[17] (clocked by sys_clk_pin). Large setup violations at the end of those stages might be difficult to fix during the post-placement implementation flow and could be the result of non-optimal XDC constraints or non-optimal design architecture
Related violations: <none>

TIMING-16#106 Warning
Large setup violation  
There is a large setup violation of -3.026 ns between dropControl/failHole4/conflict_reg/C (clocked by sys_clk_pin) and drawScreen/drawLayers/drawBall/address_fb1_reg/PCIN[18] (clocked by sys_clk_pin). Large setup violations at the end of those stages might be difficult to fix during the post-placement implementation flow and could be the result of non-optimal XDC constraints or non-optimal design architecture
Related violations: <none>

TIMING-16#107 Warning
Large setup violation  
There is a large setup violation of -3.026 ns between dropControl/failHole4/conflict_reg/C (clocked by sys_clk_pin) and drawScreen/drawLayers/drawBall/address_fb1_reg/PCIN[19] (clocked by sys_clk_pin). Large setup violations at the end of those stages might be difficult to fix during the post-placement implementation flow and could be the result of non-optimal XDC constraints or non-optimal design architecture
Related violations: <none>

TIMING-16#108 Warning
Large setup violation  
There is a large setup violation of -3.026 ns between dropControl/failHole4/conflict_reg/C (clocked by sys_clk_pin) and drawScreen/drawLayers/drawBall/address_fb1_reg/PCIN[1] (clocked by sys_clk_pin). Large setup violations at the end of those stages might be difficult to fix during the post-placement implementation flow and could be the result of non-optimal XDC constraints or non-optimal design architecture
Related violations: <none>

TIMING-16#109 Warning
Large setup violation  
There is a large setup violation of -3.026 ns between dropControl/failHole4/conflict_reg/C (clocked by sys_clk_pin) and drawScreen/drawLayers/drawBall/address_fb1_reg/PCIN[20] (clocked by sys_clk_pin). Large setup violations at the end of those stages might be difficult to fix during the post-placement implementation flow and could be the result of non-optimal XDC constraints or non-optimal design architecture
Related violations: <none>

TIMING-16#110 Warning
Large setup violation  
There is a large setup violation of -3.026 ns between dropControl/failHole4/conflict_reg/C (clocked by sys_clk_pin) and drawScreen/drawLayers/drawBall/address_fb1_reg/PCIN[21] (clocked by sys_clk_pin). Large setup violations at the end of those stages might be difficult to fix during the post-placement implementation flow and could be the result of non-optimal XDC constraints or non-optimal design architecture
Related violations: <none>

TIMING-16#111 Warning
Large setup violation  
There is a large setup violation of -3.026 ns between dropControl/failHole4/conflict_reg/C (clocked by sys_clk_pin) and drawScreen/drawLayers/drawBall/address_fb1_reg/PCIN[22] (clocked by sys_clk_pin). Large setup violations at the end of those stages might be difficult to fix during the post-placement implementation flow and could be the result of non-optimal XDC constraints or non-optimal design architecture
Related violations: <none>

TIMING-16#112 Warning
Large setup violation  
There is a large setup violation of -3.026 ns between dropControl/failHole4/conflict_reg/C (clocked by sys_clk_pin) and drawScreen/drawLayers/drawBall/address_fb1_reg/PCIN[23] (clocked by sys_clk_pin). Large setup violations at the end of those stages might be difficult to fix during the post-placement implementation flow and could be the result of non-optimal XDC constraints or non-optimal design architecture
Related violations: <none>

TIMING-16#113 Warning
Large setup violation  
There is a large setup violation of -3.026 ns between dropControl/failHole4/conflict_reg/C (clocked by sys_clk_pin) and drawScreen/drawLayers/drawBall/address_fb1_reg/PCIN[24] (clocked by sys_clk_pin). Large setup violations at the end of those stages might be difficult to fix during the post-placement implementation flow and could be the result of non-optimal XDC constraints or non-optimal design architecture
Related violations: <none>

TIMING-16#114 Warning
Large setup violation  
There is a large setup violation of -3.026 ns between dropControl/failHole4/conflict_reg/C (clocked by sys_clk_pin) and drawScreen/drawLayers/drawBall/address_fb1_reg/PCIN[25] (clocked by sys_clk_pin). Large setup violations at the end of those stages might be difficult to fix during the post-placement implementation flow and could be the result of non-optimal XDC constraints or non-optimal design architecture
Related violations: <none>

TIMING-16#115 Warning
Large setup violation  
There is a large setup violation of -3.026 ns between dropControl/failHole4/conflict_reg/C (clocked by sys_clk_pin) and drawScreen/drawLayers/drawBall/address_fb1_reg/PCIN[26] (clocked by sys_clk_pin). Large setup violations at the end of those stages might be difficult to fix during the post-placement implementation flow and could be the result of non-optimal XDC constraints or non-optimal design architecture
Related violations: <none>

TIMING-16#116 Warning
Large setup violation  
There is a large setup violation of -3.026 ns between dropControl/failHole4/conflict_reg/C (clocked by sys_clk_pin) and drawScreen/drawLayers/drawBall/address_fb1_reg/PCIN[27] (clocked by sys_clk_pin). Large setup violations at the end of those stages might be difficult to fix during the post-placement implementation flow and could be the result of non-optimal XDC constraints or non-optimal design architecture
Related violations: <none>

TIMING-16#117 Warning
Large setup violation  
There is a large setup violation of -3.026 ns between dropControl/failHole4/conflict_reg/C (clocked by sys_clk_pin) and drawScreen/drawLayers/drawBall/address_fb1_reg/PCIN[28] (clocked by sys_clk_pin). Large setup violations at the end of those stages might be difficult to fix during the post-placement implementation flow and could be the result of non-optimal XDC constraints or non-optimal design architecture
Related violations: <none>

TIMING-16#118 Warning
Large setup violation  
There is a large setup violation of -3.026 ns between dropControl/failHole4/conflict_reg/C (clocked by sys_clk_pin) and drawScreen/drawLayers/drawBall/address_fb1_reg/PCIN[29] (clocked by sys_clk_pin). Large setup violations at the end of those stages might be difficult to fix during the post-placement implementation flow and could be the result of non-optimal XDC constraints or non-optimal design architecture
Related violations: <none>

TIMING-16#119 Warning
Large setup violation  
There is a large setup violation of -3.026 ns between dropControl/failHole4/conflict_reg/C (clocked by sys_clk_pin) and drawScreen/drawLayers/drawBall/address_fb1_reg/PCIN[2] (clocked by sys_clk_pin). Large setup violations at the end of those stages might be difficult to fix during the post-placement implementation flow and could be the result of non-optimal XDC constraints or non-optimal design architecture
Related violations: <none>

TIMING-16#120 Warning
Large setup violation  
There is a large setup violation of -3.026 ns between dropControl/failHole4/conflict_reg/C (clocked by sys_clk_pin) and drawScreen/drawLayers/drawBall/address_fb1_reg/PCIN[30] (clocked by sys_clk_pin). Large setup violations at the end of those stages might be difficult to fix during the post-placement implementation flow and could be the result of non-optimal XDC constraints or non-optimal design architecture
Related violations: <none>

TIMING-16#121 Warning
Large setup violation  
There is a large setup violation of -3.026 ns between dropControl/failHole4/conflict_reg/C (clocked by sys_clk_pin) and drawScreen/drawLayers/drawBall/address_fb1_reg/PCIN[31] (clocked by sys_clk_pin). Large setup violations at the end of those stages might be difficult to fix during the post-placement implementation flow and could be the result of non-optimal XDC constraints or non-optimal design architecture
Related violations: <none>

TIMING-16#122 Warning
Large setup violation  
There is a large setup violation of -3.026 ns between dropControl/failHole4/conflict_reg/C (clocked by sys_clk_pin) and drawScreen/drawLayers/drawBall/address_fb1_reg/PCIN[32] (clocked by sys_clk_pin). Large setup violations at the end of those stages might be difficult to fix during the post-placement implementation flow and could be the result of non-optimal XDC constraints or non-optimal design architecture
Related violations: <none>

TIMING-16#123 Warning
Large setup violation  
There is a large setup violation of -3.026 ns between dropControl/failHole4/conflict_reg/C (clocked by sys_clk_pin) and drawScreen/drawLayers/drawBall/address_fb1_reg/PCIN[33] (clocked by sys_clk_pin). Large setup violations at the end of those stages might be difficult to fix during the post-placement implementation flow and could be the result of non-optimal XDC constraints or non-optimal design architecture
Related violations: <none>

TIMING-16#124 Warning
Large setup violation  
There is a large setup violation of -3.026 ns between dropControl/failHole4/conflict_reg/C (clocked by sys_clk_pin) and drawScreen/drawLayers/drawBall/address_fb1_reg/PCIN[34] (clocked by sys_clk_pin). Large setup violations at the end of those stages might be difficult to fix during the post-placement implementation flow and could be the result of non-optimal XDC constraints or non-optimal design architecture
Related violations: <none>

TIMING-16#125 Warning
Large setup violation  
There is a large setup violation of -3.026 ns between dropControl/failHole4/conflict_reg/C (clocked by sys_clk_pin) and drawScreen/drawLayers/drawBall/address_fb1_reg/PCIN[35] (clocked by sys_clk_pin). Large setup violations at the end of those stages might be difficult to fix during the post-placement implementation flow and could be the result of non-optimal XDC constraints or non-optimal design architecture
Related violations: <none>

TIMING-16#126 Warning
Large setup violation  
There is a large setup violation of -3.026 ns between dropControl/failHole4/conflict_reg/C (clocked by sys_clk_pin) and drawScreen/drawLayers/drawBall/address_fb1_reg/PCIN[36] (clocked by sys_clk_pin). Large setup violations at the end of those stages might be difficult to fix during the post-placement implementation flow and could be the result of non-optimal XDC constraints or non-optimal design architecture
Related violations: <none>

TIMING-16#127 Warning
Large setup violation  
There is a large setup violation of -3.026 ns between dropControl/failHole4/conflict_reg/C (clocked by sys_clk_pin) and drawScreen/drawLayers/drawBall/address_fb1_reg/PCIN[37] (clocked by sys_clk_pin). Large setup violations at the end of those stages might be difficult to fix during the post-placement implementation flow and could be the result of non-optimal XDC constraints or non-optimal design architecture
Related violations: <none>

TIMING-16#128 Warning
Large setup violation  
There is a large setup violation of -3.026 ns between dropControl/failHole4/conflict_reg/C (clocked by sys_clk_pin) and drawScreen/drawLayers/drawBall/address_fb1_reg/PCIN[38] (clocked by sys_clk_pin). Large setup violations at the end of those stages might be difficult to fix during the post-placement implementation flow and could be the result of non-optimal XDC constraints or non-optimal design architecture
Related violations: <none>

TIMING-16#129 Warning
Large setup violation  
There is a large setup violation of -3.026 ns between dropControl/failHole4/conflict_reg/C (clocked by sys_clk_pin) and drawScreen/drawLayers/drawBall/address_fb1_reg/PCIN[39] (clocked by sys_clk_pin). Large setup violations at the end of those stages might be difficult to fix during the post-placement implementation flow and could be the result of non-optimal XDC constraints or non-optimal design architecture
Related violations: <none>

TIMING-16#130 Warning
Large setup violation  
There is a large setup violation of -3.026 ns between dropControl/failHole4/conflict_reg/C (clocked by sys_clk_pin) and drawScreen/drawLayers/drawBall/address_fb1_reg/PCIN[3] (clocked by sys_clk_pin). Large setup violations at the end of those stages might be difficult to fix during the post-placement implementation flow and could be the result of non-optimal XDC constraints or non-optimal design architecture
Related violations: <none>

TIMING-16#131 Warning
Large setup violation  
There is a large setup violation of -3.026 ns between dropControl/failHole4/conflict_reg/C (clocked by sys_clk_pin) and drawScreen/drawLayers/drawBall/address_fb1_reg/PCIN[40] (clocked by sys_clk_pin). Large setup violations at the end of those stages might be difficult to fix during the post-placement implementation flow and could be the result of non-optimal XDC constraints or non-optimal design architecture
Related violations: <none>

TIMING-16#132 Warning
Large setup violation  
There is a large setup violation of -3.026 ns between dropControl/failHole4/conflict_reg/C (clocked by sys_clk_pin) and drawScreen/drawLayers/drawBall/address_fb1_reg/PCIN[41] (clocked by sys_clk_pin). Large setup violations at the end of those stages might be difficult to fix during the post-placement implementation flow and could be the result of non-optimal XDC constraints or non-optimal design architecture
Related violations: <none>

TIMING-16#133 Warning
Large setup violation  
There is a large setup violation of -3.026 ns between dropControl/failHole4/conflict_reg/C (clocked by sys_clk_pin) and drawScreen/drawLayers/drawBall/address_fb1_reg/PCIN[42] (clocked by sys_clk_pin). Large setup violations at the end of those stages might be difficult to fix during the post-placement implementation flow and could be the result of non-optimal XDC constraints or non-optimal design architecture
Related violations: <none>

TIMING-16#134 Warning
Large setup violation  
There is a large setup violation of -3.026 ns between dropControl/failHole4/conflict_reg/C (clocked by sys_clk_pin) and drawScreen/drawLayers/drawBall/address_fb1_reg/PCIN[43] (clocked by sys_clk_pin). Large setup violations at the end of those stages might be difficult to fix during the post-placement implementation flow and could be the result of non-optimal XDC constraints or non-optimal design architecture
Related violations: <none>

TIMING-16#135 Warning
Large setup violation  
There is a large setup violation of -3.026 ns between dropControl/failHole4/conflict_reg/C (clocked by sys_clk_pin) and drawScreen/drawLayers/drawBall/address_fb1_reg/PCIN[44] (clocked by sys_clk_pin). Large setup violations at the end of those stages might be difficult to fix during the post-placement implementation flow and could be the result of non-optimal XDC constraints or non-optimal design architecture
Related violations: <none>

TIMING-16#136 Warning
Large setup violation  
There is a large setup violation of -3.026 ns between dropControl/failHole4/conflict_reg/C (clocked by sys_clk_pin) and drawScreen/drawLayers/drawBall/address_fb1_reg/PCIN[45] (clocked by sys_clk_pin). Large setup violations at the end of those stages might be difficult to fix during the post-placement implementation flow and could be the result of non-optimal XDC constraints or non-optimal design architecture
Related violations: <none>

TIMING-16#137 Warning
Large setup violation  
There is a large setup violation of -3.026 ns between dropControl/failHole4/conflict_reg/C (clocked by sys_clk_pin) and drawScreen/drawLayers/drawBall/address_fb1_reg/PCIN[46] (clocked by sys_clk_pin). Large setup violations at the end of those stages might be difficult to fix during the post-placement implementation flow and could be the result of non-optimal XDC constraints or non-optimal design architecture
Related violations: <none>

TIMING-16#138 Warning
Large setup violation  
There is a large setup violation of -3.026 ns between dropControl/failHole4/conflict_reg/C (clocked by sys_clk_pin) and drawScreen/drawLayers/drawBall/address_fb1_reg/PCIN[47] (clocked by sys_clk_pin). Large setup violations at the end of those stages might be difficult to fix during the post-placement implementation flow and could be the result of non-optimal XDC constraints or non-optimal design architecture
Related violations: <none>

TIMING-16#139 Warning
Large setup violation  
There is a large setup violation of -3.026 ns between dropControl/failHole4/conflict_reg/C (clocked by sys_clk_pin) and drawScreen/drawLayers/drawBall/address_fb1_reg/PCIN[4] (clocked by sys_clk_pin). Large setup violations at the end of those stages might be difficult to fix during the post-placement implementation flow and could be the result of non-optimal XDC constraints or non-optimal design architecture
Related violations: <none>

TIMING-16#140 Warning
Large setup violation  
There is a large setup violation of -3.026 ns between dropControl/failHole4/conflict_reg/C (clocked by sys_clk_pin) and drawScreen/drawLayers/drawBall/address_fb1_reg/PCIN[5] (clocked by sys_clk_pin). Large setup violations at the end of those stages might be difficult to fix during the post-placement implementation flow and could be the result of non-optimal XDC constraints or non-optimal design architecture
Related violations: <none>

TIMING-16#141 Warning
Large setup violation  
There is a large setup violation of -3.026 ns between dropControl/failHole4/conflict_reg/C (clocked by sys_clk_pin) and drawScreen/drawLayers/drawBall/address_fb1_reg/PCIN[6] (clocked by sys_clk_pin). Large setup violations at the end of those stages might be difficult to fix during the post-placement implementation flow and could be the result of non-optimal XDC constraints or non-optimal design architecture
Related violations: <none>

TIMING-16#142 Warning
Large setup violation  
There is a large setup violation of -3.026 ns between dropControl/failHole4/conflict_reg/C (clocked by sys_clk_pin) and drawScreen/drawLayers/drawBall/address_fb1_reg/PCIN[7] (clocked by sys_clk_pin). Large setup violations at the end of those stages might be difficult to fix during the post-placement implementation flow and could be the result of non-optimal XDC constraints or non-optimal design architecture
Related violations: <none>

TIMING-16#143 Warning
Large setup violation  
There is a large setup violation of -3.026 ns between dropControl/failHole4/conflict_reg/C (clocked by sys_clk_pin) and drawScreen/drawLayers/drawBall/address_fb1_reg/PCIN[8] (clocked by sys_clk_pin). Large setup violations at the end of those stages might be difficult to fix during the post-placement implementation flow and could be the result of non-optimal XDC constraints or non-optimal design architecture
Related violations: <none>

TIMING-16#144 Warning
Large setup violation  
There is a large setup violation of -3.026 ns between dropControl/failHole4/conflict_reg/C (clocked by sys_clk_pin) and drawScreen/drawLayers/drawBall/address_fb1_reg/PCIN[9] (clocked by sys_clk_pin). Large setup violations at the end of those stages might be difficult to fix during the post-placement implementation flow and could be the result of non-optimal XDC constraints or non-optimal design architecture
Related violations: <none>

TIMING-16#145 Warning
Large setup violation  
There is a large setup violation of -4.907 ns between getAllPos/y_deciding_reg/CLK (clocked by sys_clk_pin) and getAllPos/genDecide/conflict_reg/D (clocked by sys_clk_pin). Large setup violations at the end of those stages might be difficult to fix during the post-placement implementation flow and could be the result of non-optimal XDC constraints or non-optimal design architecture
Related violations: <none>

TIMING-16#146 Warning
Large setup violation  
There is a large setup violation of -7.610 ns between dropControl/failHole4/conflict_reg/C (clocked by sys_clk_pin) and dropControl/failHole7/conflict_reg/D (clocked by sys_clk_pin). Large setup violations at the end of those stages might be difficult to fix during the post-placement implementation flow and could be the result of non-optimal XDC constraints or non-optimal design architecture
Related violations: <none>

TIMING-16#147 Warning
Large setup violation  
There is a large setup violation of -8.310 ns between dropControl/failHole7/conflict_reg/C (clocked by sys_clk_pin) and dropControl/winHole/conflict_reg/D (clocked by sys_clk_pin). Large setup violations at the end of those stages might be difficult to fix during the post-placement implementation flow and could be the result of non-optimal XDC constraints or non-optimal design architecture
Related violations: <none>

TIMING-16#148 Warning
Large setup violation  
There is a large setup violation of -8.348 ns between dropControl/failHole7/conflict_reg/C (clocked by sys_clk_pin) and dropControl/failHole6/conflict_reg/D (clocked by sys_clk_pin). Large setup violations at the end of those stages might be difficult to fix during the post-placement implementation flow and could be the result of non-optimal XDC constraints or non-optimal design architecture
Related violations: <none>

TIMING-16#149 Warning
Large setup violation  
There is a large setup violation of -8.537 ns between dropControl/failHole7/conflict_reg/C (clocked by sys_clk_pin) and dropControl/failHole4/conflict_reg/D (clocked by sys_clk_pin). Large setup violations at the end of those stages might be difficult to fix during the post-placement implementation flow and could be the result of non-optimal XDC constraints or non-optimal design architecture
Related violations: <none>

TIMING-16#150 Warning
Large setup violation  
There is a large setup violation of -8.542 ns between dropControl/failHole7/conflict_reg/C (clocked by sys_clk_pin) and dropControl/failHole5/conflict_reg/D (clocked by sys_clk_pin). Large setup violations at the end of those stages might be difficult to fix during the post-placement implementation flow and could be the result of non-optimal XDC constraints or non-optimal design architecture
Related violations: <none>

TIMING-16#151 Warning
Large setup violation  
There is a large setup violation of -8.597 ns between dropControl/failHole7/conflict_reg/C (clocked by sys_clk_pin) and dropControl/failHole2/conflict_reg/D (clocked by sys_clk_pin). Large setup violations at the end of those stages might be difficult to fix during the post-placement implementation flow and could be the result of non-optimal XDC constraints or non-optimal design architecture
Related violations: <none>

TIMING-16#152 Warning
Large setup violation  
There is a large setup violation of -8.620 ns between dropControl/failHole4/conflict_reg/C (clocked by sys_clk_pin) and dropControl/failHole3/conflict_reg/D (clocked by sys_clk_pin). Large setup violations at the end of those stages might be difficult to fix during the post-placement implementation flow and could be the result of non-optimal XDC constraints or non-optimal design architecture
Related violations: <none>

TIMING-16#153 Warning
Large setup violation  
There is a large setup violation of -8.801 ns between dropControl/failHole3/conflict_reg/C (clocked by sys_clk_pin) and dropControl/failHole1/conflict_reg/D (clocked by sys_clk_pin). Large setup violations at the end of those stages might be difficult to fix during the post-placement implementation flow and could be the result of non-optimal XDC constraints or non-optimal design architecture
Related violations: <none>

TIMING-18#1 Warning
Missing input or output delay  
An input delay is missing on ACL_MISO relative to clock(s) sys_clk_pin
Related violations: <none>

TIMING-18#2 Warning
Missing input or output delay  
An input delay is missing on AGAIN_BTN relative to clock(s) sys_clk_pin
Related violations: <none>

TIMING-18#3 Warning
Missing input or output delay  
An input delay is missing on DOWN_BTN relative to clock(s) sys_clk_pin
Related violations: <none>

TIMING-18#4 Warning
Missing input or output delay  
An input delay is missing on NEW_GAME_BTN relative to clock(s) sys_clk_pin
Related violations: <none>

TIMING-18#5 Warning
Missing input or output delay  
An input delay is missing on OK_BTN relative to clock(s) sys_clk_pin
Related violations: <none>

TIMING-18#6 Warning
Missing input or output delay  
An input delay is missing on RST_BTN relative to clock(s) sys_clk_pin
Related violations: <none>

TIMING-18#7 Warning
Missing input or output delay  
An input delay is missing on UP_BTN relative to clock(s) sys_clk_pin
Related violations: <none>

TIMING-18#8 Warning
Missing input or output delay  
An input delay is missing on theme_choose relative to clock(s) sys_clk_pin
Related violations: <none>

TIMING-18#9 Warning
Missing input or output delay  
An output delay is missing on ACL_CSN relative to clock(s) sys_clk_pin
Related violations: <none>

TIMING-18#10 Warning
Missing input or output delay  
An output delay is missing on ACL_MOSI relative to clock(s) sys_clk_pin
Related violations: <none>

TIMING-18#11 Warning
Missing input or output delay  
An output delay is missing on ACL_SCLK relative to clock(s) sys_clk_pin
Related violations: <none>

TIMING-18#12 Warning
Missing input or output delay  
An output delay is missing on LED[0] relative to clock(s) sys_clk_pin
Related violations: <none>

TIMING-18#13 Warning
Missing input or output delay  
An output delay is missing on LED[10] relative to clock(s) sys_clk_pin
Related violations: <none>

TIMING-18#14 Warning
Missing input or output delay  
An output delay is missing on LED[11] relative to clock(s) sys_clk_pin
Related violations: <none>

TIMING-18#15 Warning
Missing input or output delay  
An output delay is missing on LED[12] relative to clock(s) sys_clk_pin
Related violations: <none>

TIMING-18#16 Warning
Missing input or output delay  
An output delay is missing on LED[13] relative to clock(s) sys_clk_pin
Related violations: <none>

TIMING-18#17 Warning
Missing input or output delay  
An output delay is missing on LED[14] relative to clock(s) sys_clk_pin
Related violations: <none>

TIMING-18#18 Warning
Missing input or output delay  
An output delay is missing on LED[15] relative to clock(s) sys_clk_pin
Related violations: <none>

TIMING-18#19 Warning
Missing input or output delay  
An output delay is missing on LED[1] relative to clock(s) sys_clk_pin
Related violations: <none>

TIMING-18#20 Warning
Missing input or output delay  
An output delay is missing on LED[2] relative to clock(s) sys_clk_pin
Related violations: <none>

TIMING-18#21 Warning
Missing input or output delay  
An output delay is missing on LED[3] relative to clock(s) sys_clk_pin
Related violations: <none>

TIMING-18#22 Warning
Missing input or output delay  
An output delay is missing on LED[4] relative to clock(s) sys_clk_pin
Related violations: <none>

TIMING-18#23 Warning
Missing input or output delay  
An output delay is missing on LED[5] relative to clock(s) sys_clk_pin
Related violations: <none>

TIMING-18#24 Warning
Missing input or output delay  
An output delay is missing on LED[6] relative to clock(s) sys_clk_pin
Related violations: <none>

TIMING-18#25 Warning
Missing input or output delay  
An output delay is missing on LED[7] relative to clock(s) sys_clk_pin
Related violations: <none>

TIMING-18#26 Warning
Missing input or output delay  
An output delay is missing on LED[8] relative to clock(s) sys_clk_pin
Related violations: <none>

TIMING-18#27 Warning
Missing input or output delay  
An output delay is missing on LED[9] relative to clock(s) sys_clk_pin
Related violations: <none>

TIMING-18#28 Warning
Missing input or output delay  
An output delay is missing on VGA_B[0] relative to clock(s) sys_clk_pin
Related violations: <none>

TIMING-18#29 Warning
Missing input or output delay  
An output delay is missing on VGA_B[1] relative to clock(s) sys_clk_pin
Related violations: <none>

TIMING-18#30 Warning
Missing input or output delay  
An output delay is missing on VGA_B[2] relative to clock(s) sys_clk_pin
Related violations: <none>

TIMING-18#31 Warning
Missing input or output delay  
An output delay is missing on VGA_B[3] relative to clock(s) sys_clk_pin
Related violations: <none>

TIMING-18#32 Warning
Missing input or output delay  
An output delay is missing on VGA_G[0] relative to clock(s) sys_clk_pin
Related violations: <none>

TIMING-18#33 Warning
Missing input or output delay  
An output delay is missing on VGA_G[1] relative to clock(s) sys_clk_pin
Related violations: <none>

TIMING-18#34 Warning
Missing input or output delay  
An output delay is missing on VGA_G[2] relative to clock(s) sys_clk_pin
Related violations: <none>

TIMING-18#35 Warning
Missing input or output delay  
An output delay is missing on VGA_G[3] relative to clock(s) sys_clk_pin
Related violations: <none>

TIMING-18#36 Warning
Missing input or output delay  
An output delay is missing on VGA_HS_O relative to clock(s) sys_clk_pin
Related violations: <none>

TIMING-18#37 Warning
Missing input or output delay  
An output delay is missing on VGA_R[0] relative to clock(s) sys_clk_pin
Related violations: <none>

TIMING-18#38 Warning
Missing input or output delay  
An output delay is missing on VGA_R[1] relative to clock(s) sys_clk_pin
Related violations: <none>

TIMING-18#39 Warning
Missing input or output delay  
An output delay is missing on VGA_R[2] relative to clock(s) sys_clk_pin
Related violations: <none>

TIMING-18#40 Warning
Missing input or output delay  
An output delay is missing on VGA_R[3] relative to clock(s) sys_clk_pin
Related violations: <none>

TIMING-18#41 Warning
Missing input or output delay  
An output delay is missing on VGA_VS_O relative to clock(s) sys_clk_pin
Related violations: <none>


