Copyright 1986-2019 Xilinx, Inc. All Rights Reserved.
------------------------------------------------------------------------------------
| Tool Version : Vivado v.2019.1 (win64) Build 2552052 Fri May 24 14:49:42 MDT 2019
| Date         : Wed Dec 11 13:57:04 2019
| Host         : DESKTOP-T1S8RDD running 64-bit major release  (build 9200)
| Command      : report_control_sets -verbose -file top_control_sets_placed.rpt
| Design       : top
| Device       : xc7a100t
------------------------------------------------------------------------------------

Control Set Information

Table of Contents
-----------------
1. Summary
2. Histogram
3. Flip-Flop Distribution
4. Detailed Control Set Information

1. Summary
----------

+----------------------------------------------------------+-------+
|                          Status                          | Count |
+----------------------------------------------------------+-------+
| Total control sets                                       |    60 |
|    Minimum number of control sets                        |    60 |
|    Addition due to synthesis replication                 |     0 |
|    Addition due to physical synthesis replication        |     0 |
| Unused register locations in slices containing registers |   223 |
+----------------------------------------------------------+-------+
* Control sets can be merged at opt_design using control_set_merge or merge_equivalent_drivers
** Run report_qor_suggestions for automated merging and remapping suggestions


2. Histogram
------------

+--------------------+-------+
|       Fanout       | Count |
+--------------------+-------+
| Total control sets |    60 |
| >= 0 to < 4        |     2 |
| >= 4 to < 6        |    10 |
| >= 6 to < 8        |     8 |
| >= 8 to < 10       |     5 |
| >= 10 to < 12      |     2 |
| >= 12 to < 14      |     2 |
| >= 14 to < 16      |     0 |
| >= 16              |    31 |
+--------------------+-------+
* Control sets can be remapped at either synth_design or opt_design


3. Flip-Flop Distribution
-------------------------

+--------------+-----------------------+------------------------+-----------------+--------------+
| Clock Enable | Synchronous Set/Reset | Asynchronous Set/Reset | Total Registers | Total Slices |
+--------------+-----------------------+------------------------+-----------------+--------------+
| No           | No                    | No                     |              77 |           29 |
| No           | No                    | Yes                    |               0 |            0 |
| No           | Yes                   | No                     |              80 |           36 |
| Yes          | No                    | No                     |             623 |          200 |
| Yes          | No                    | Yes                    |               0 |            0 |
| Yes          | Yes                   | No                     |             301 |           93 |
+--------------+-----------------------+------------------------+-----------------+--------------+


4. Detailed Control Set Information
-----------------------------------

+----------------+--------------------------------------------------------------+---------------------------------------------------------------+------------------+----------------+
|  Clock Signal  |                         Enable Signal                        |                        Set/Reset Signal                       | Slice Load Count | Bel Load Count |
+----------------+--------------------------------------------------------------+---------------------------------------------------------------+------------------+----------------+
|  CLK_IBUF_BUFG |                                                              | drawScreen/display/new_layer3_out                             |                1 |              1 |
|  CLK_IBUF_BUFG | drawScreen/display/v_count[6]_i_2_n_0                        | drawScreen/display/v_count[6]_i_1_n_0                         |                1 |              2 |
|  CLK_IBUF_BUFG | getAllPos/genDecide/decide_cnt                               | getAllPos/decide_cnt[3]_i_1_n_0                               |                1 |              4 |
|  CLK_IBUF_BUFG | getAccel/getXY/U0/Cmd_Reg[0]_0                               | getAccel/getXY/U0/Cmd_Reg[0][6]_i_1_n_0                       |                1 |              4 |
|  CLK_IBUF_BUFG | getAccel/getXY/U0/sel                                        | getAccel/getXY/U0/Reset_Cnt_Num_Reads                         |                1 |              4 |
|  CLK_IBUF_BUFG | getAllPos/success_cnt                                        |                                                               |                1 |              4 |
|  CLK_IBUF_BUFG | getAccel/getXY/U0/FSM_sequential_StC_Adxl_Ctrl[3]_i_1_n_0    | RST_BTN_IBUF                                                  |                2 |              4 |
|  CLK_IBUF_BUFG | drawScreen/display/v_count[6]_i_2_n_0                        |                                                               |                1 |              5 |
|  CLK_IBUF_BUFG | getAccel/getXY/U0/Cmd_Reg[1][6]_i_2_n_0                      | getAccel/getXY/U0/Cmd_Reg[1]0_in[7]                           |                1 |              5 |
|  CLK_IBUF_BUFG | drawScreen/drawLayers/drawWinhole/address_fb1_reg_i_1__1_n_0 | drawScreen/drawLayers/drawWinhole/address_fb1_reg_i_2__1_n_0  |                1 |              5 |
|  CLK_IBUF_BUFG | drawScreen/drawLayers/drawBall/address_fb1_reg_i_1__2_n_0    | drawScreen/drawLayers/drawBall/address_fb1_reg_i_2__2_n_0     |                3 |              5 |
|  CLK_IBUF_BUFG | drawScreen/drawLayers/drawFailhole/pix_x                     | drawScreen/drawLayers/drawFailhole/address_fb1_reg_i_2__0_n_0 |                1 |              5 |
|  CLK_IBUF_BUFG |                                                              | getAccel/getXY/U0/SPI_Interface/SCLK_2X_DIV0                  |                2 |              6 |
|  CLK_IBUF_BUFG | drawScreen/drawLayers/layer_state_reg[1]_1[0]                |                                                               |                3 |              6 |
|  CLK_IBUF_BUFG | drawScreen/drawLayers/layer_state_reg[1]_2[0]                |                                                               |                3 |              6 |
|  CLK_IBUF_BUFG | getAccel/getXY/U0/Cmd_Reg[2]_1                               | getAccel/getXY/U0/Cmd_Reg[2][7]                               |                4 |              6 |
|  CLK_IBUF_BUFG | drawScreen/drawLayers/drawWinhole/address_fb12_i_1__0_n_0    | drawScreen/display/pix_stb_reg_0                              |                3 |              6 |
|  CLK_IBUF_BUFG | drawScreen/drawLayers/drawFailhole/address_fb12_i_1_n_0      | drawScreen/drawLayers/drawFailhole/address_fb12_i_2_n_0       |                3 |              6 |
|  CLK_IBUF_BUFG | drawScreen/drawLayers/drawBall/address_fb12_i_1__1_n_0       | drawScreen/display/pix_stb_reg_0                              |                3 |              6 |
|  CLK_IBUF_BUFG | getAccel/getXY/U0/Shift_Cmd_Reg                              | RST_BTN_IBUF                                                  |                4 |              7 |
|  CLK_IBUF_BUFG | getAccel/getXY/U0/SPI_Interface/SHIFT_TICK_IN                |                                                               |                3 |              8 |
|  CLK_IBUF_BUFG | getAccel/getXY/U0/SPI_Interface/MOSI_REG[7]_i_1_n_0          |                                                               |                2 |              8 |
|  CLK_IBUF_BUFG | drawScreen/drawLayers/drawBackground/address_fb1_reg_i_1_n_0 | drawScreen/display/pix_stb_reg_0                              |                2 |              8 |
|  CLK_IBUF_BUFG | getAccel/getXY/U0/SPI_Interface/DONE_1_i_1_n_0               |                                                               |                3 |              8 |
|  CLK_IBUF_BUFG | drawScreen/drawLayers/drawBackground/pix_x                   | drawScreen/drawLayers/drawBackground/clear                    |                2 |              9 |
|  CLK_IBUF_BUFG | pix_stb                                                      | drawScreen/display/h_count                                    |                4 |             10 |
|  CLK_IBUF_BUFG |                                                              | getAccel/getXY/U0/Cnt_SS_Inactive0                            |                4 |             11 |
|  CLK_IBUF_BUFG |                                                              | RST_BTN_IBUF                                                  |                5 |             12 |
|  CLK_IBUF_BUFG | drawScreen/colour0_in                                        | drawScreen/display/SR[0]                                      |                7 |             12 |
|  CLK_IBUF_BUFG | drawScreen/drawLayers/E[0]                                   |                                                               |                8 |             16 |
|  CLK_IBUF_BUFG | drawScreen/drawLayers/layer_state_reg[0]_3[0]                |                                                               |                8 |             16 |
|  CLK_IBUF_BUFG | getAccel/getXY/U0/Data_Ready                                 |                                                               |                4 |             16 |
|  CLK_IBUF_BUFG | moveTheBall/SR[0]                                            |                                                               |                4 |             16 |
|  CLK_IBUF_BUFG | getAllPos/o_rand_list[137]_i_1_n_0                           |                                                               |                7 |             17 |
|  CLK_IBUF_BUFG | getAllPos/o_rand_list[157]_i_1_n_0                           |                                                               |                4 |             17 |
|  CLK_IBUF_BUFG | getAllPos/o_rand_list[127]_i_1_n_0                           |                                                               |                5 |             17 |
|  CLK_IBUF_BUFG | getAllPos/o_rand_list[147]_i_1_n_0                           |                                                               |                4 |             17 |
|  CLK_IBUF_BUFG | getAllPos/o_rand_list[177]_i_1_n_0                           |                                                               |                5 |             17 |
|  CLK_IBUF_BUFG | getAllPos/o_rand_list[107]_i_1_n_0                           |                                                               |                7 |             17 |
|  CLK_IBUF_BUFG | getAllPos/x_deciding_reg_i_1_n_0                             |                                                               |                8 |             17 |
|  CLK_IBUF_BUFG | getAllPos/y_succeeded[7]_i_1_n_0                             |                                                               |                6 |             17 |
|  CLK_IBUF_BUFG |                                                              | getAccel/getXY/U0/Reset_Sample_Rate_Div                       |                6 |             17 |
|  CLK_IBUF_BUFG | getAllPos/o_rand_list[167]_i_1_n_0                           |                                                               |                5 |             17 |
|  CLK_IBUF_BUFG | getAllPos/o_rand_list[97]_i_1_n_0                            |                                                               |                5 |             17 |
|  CLK_IBUF_BUFG | getAllPos/o_rand_list[117]_i_1_n_0                           |                                                               |                6 |             17 |
|  CLK_IBUF_BUFG | moveTheBall/calc_cnt[0]_i_2_n_0                              | moveTheBall/calc_cnt[0]_i_1_n_0                               |                5 |             18 |
|  CLK_IBUF_BUFG | getAccel/getXY/U0/StC_Adxl_Ctrl[3]                           | RST_BTN_IBUF                                                  |                4 |             20 |
|  CLK_IBUF_BUFG | drawScreen/drawLayers/drawBackground/address_s[9]_i_1_n_0    |                                                               |                7 |             26 |
|  CLK_IBUF_BUFG | drawScreen/drawLayers/drawFailhole/address_s[10]_i_1__0_n_0  |                                                               |                8 |             27 |
|  CLK_IBUF_BUFG | drawScreen/drawLayers/drawBall/address_s[11]_i_1_n_0         |                                                               |               10 |             28 |
|  CLK_IBUF_BUFG | moveTheBall/pos_x/E[0]                                       | moveTheBall/pos_y/next_pos[31]_i_1_n_0                        |                8 |             29 |
|  CLK_IBUF_BUFG | drawScreen/drawLayers/drawWinhole/address_s[12]_i_1_n_0      |                                                               |               11 |             29 |
|  CLK_IBUF_BUFG | moveTheBall/pos_x/E[0]                                       | moveTheBall/pos_x/next_pos[31]_i_1__0_n_0                     |                8 |             30 |
|  CLK_IBUF_BUFG | moveTheBall/vy/calc_time                                     | moveTheBall/pos_y/next_pos_reg[15]_0                          |                8 |             32 |
|  CLK_IBUF_BUFG | moveTheBall/vy/calc_time                                     | moveTheBall/pos_x/next_pos_reg[16]_0                          |                8 |             32 |
|  CLK_IBUF_BUFG | getAccel/getXY/U0/sel                                        | getAccel/getXY/U0/ACCEL_X_SUM0                                |                8 |             32 |
|  CLK_IBUF_BUFG |                                                              | moveTheBall/SR[0]                                             |               18 |             33 |
|  CLK_IBUF_BUFG | getAccel/getXY/U0/SPI_Interface/Shift_Data_Reg               |                                                               |               20 |             64 |
|  CLK_IBUF_BUFG |                                                              |                                                               |               29 |             77 |
|  CLK_IBUF_BUFG | getAllPos/E[0]                                               |                                                               |               42 |            153 |
+----------------+--------------------------------------------------------------+---------------------------------------------------------------+------------------+----------------+


